<?xml version="1.0" encoding="UTF-8"?>
<coverage generated="1629727557433" clover="3.2.0">
  <project timestamp="1629727557433" name="All files">
    <metrics statements="261" coveredstatements="185" conditionals="79" coveredconditionals="40" methods="32" coveredmethods="26" elements="372" coveredelements="251" complexity="0" loc="261" ncloc="261" packages="3" files="5" classes="5"/>
    <package name="final-project-solitaire">
      <metrics statements="1" coveredstatements="1" conditionals="0" coveredconditionals="0" methods="0" coveredmethods="0"/>
      <file name="styleMock.js" path="C:\Users\omerr\Desktop\Trendyol_Bootcamp\final-project-solitaire\styleMock.js">
        <metrics statements="1" coveredstatements="1" conditionals="0" coveredconditionals="0" methods="0" coveredmethods="0"/>
        <line num="1" count="1" type="stmt"/>
      </file>
    </package>
    <package name="final-project-solitaire.src">
      <metrics statements="10" coveredstatements="10" conditionals="0" coveredconditionals="0" methods="1" coveredmethods="1"/>
      <file name="JunkData.js" path="C:\Users\omerr\Desktop\Trendyol_Bootcamp\final-project-solitaire\src\JunkData.js">
        <metrics statements="10" coveredstatements="10" conditionals="0" coveredconditionals="0" methods="1" coveredmethods="1"/>
        <line num="1" count="2" type="stmt"/>
        <line num="3" count="129" type="stmt"/>
        <line num="13" count="129" type="stmt"/>
        <line num="30" count="129" type="stmt"/>
        <line num="56" count="129" type="stmt"/>
        <line num="82" count="129" type="stmt"/>
        <line num="108" count="129" type="stmt"/>
        <line num="134" count="129" type="stmt"/>
        <line num="154" count="129" type="stmt"/>
        <line num="260" count="129" type="stmt"/>
      </file>
    </package>
    <package name="final-project-solitaire.src.logic">
      <metrics statements="250" coveredstatements="174" conditionals="79" coveredconditionals="40" methods="31" coveredmethods="25"/>
      <file name="CardGenerator.js" path="C:\Users\omerr\Desktop\Trendyol_Bootcamp\final-project-solitaire\src\logic\CardGenerator.js">
        <metrics statements="42" coveredstatements="34" conditionals="2" coveredconditionals="2" methods="9" coveredmethods="8"/>
        <line num="5" count="315" type="stmt"/>
        <line num="6" count="315" type="stmt"/>
        <line num="7" count="315" type="stmt"/>
        <line num="8" count="315" type="stmt"/>
        <line num="12" count="2" type="stmt"/>
        <line num="13" count="3" type="stmt"/>
        <line num="15" count="3" type="stmt"/>
        <line num="16" count="3" type="stmt"/>
        <line num="17" count="24" type="stmt"/>
        <line num="18" count="312" type="stmt"/>
        <line num="21" count="3" type="stmt"/>
        <line num="24" count="2" type="stmt"/>
        <line num="25" count="1" type="stmt"/>
        <line num="26" count="4" type="stmt"/>
        <line num="27" count="4" type="stmt"/>
        <line num="29" count="1" type="stmt"/>
        <line num="32" count="2" type="stmt"/>
        <line num="33" count="2" type="stmt"/>
        <line num="34" count="2" type="stmt"/>
        <line num="35" count="2" type="stmt"/>
        <line num="36" count="20" type="cond" truecount="2" falsecount="0"/>
        <line num="37" count="8" type="stmt"/>
        <line num="39" count="12" type="stmt"/>
        <line num="40" count="12" type="stmt"/>
        <line num="43" count="2" type="stmt"/>
        <line num="46" count="2" type="stmt"/>
        <line num="47" count="104" type="stmt"/>
        <line num="50" count="2" type="stmt"/>
        <line num="51" count="1" type="stmt"/>
        <line num="52" count="10" type="stmt"/>
        <line num="53" count="10" type="stmt"/>
        <line num="54" count="44" type="stmt"/>
        <line num="56" count="10" type="stmt"/>
        <line num="60" count="2" type="stmt"/>
        <line num="63" count="0" type="stmt"/>
        <line num="66" count="0" type="stmt"/>
        <line num="69" count="0" type="stmt"/>
        <line num="72" count="0" type="stmt"/>
        <line num="75" count="0" type="stmt"/>
        <line num="76" count="0" type="stmt"/>
        <line num="79" count="0" type="stmt"/>
        <line num="81" count="0" type="stmt"/>
      </file>
      <file name="Gameplay.js" path="C:\Users\omerr\Desktop\Trendyol_Bootcamp\final-project-solitaire\src\logic\Gameplay.js">
        <metrics statements="193" coveredstatements="125" conditionals="75" coveredconditionals="36" methods="19" coveredmethods="14"/>
        <line num="6" count="1" type="stmt"/>
        <line num="10" count="9" type="stmt"/>
        <line num="11" count="9" type="stmt"/>
        <line num="14" count="9" type="stmt"/>
        <line num="17" count="1" type="stmt"/>
        <line num="19" count="3" type="stmt"/>
        <line num="20" count="5" type="stmt"/>
        <line num="21" count="5" type="stmt"/>
        <line num="25" count="1" type="stmt"/>
        <line num="27" count="9" type="stmt"/>
        <line num="28" count="20" type="stmt"/>
        <line num="30" count="20" type="stmt"/>
        <line num="32" count="87" type="cond" truecount="2" falsecount="0"/>
        <line num="33" count="7" type="cond" truecount="2" falsecount="0"/>
        <line num="35" count="87" type="stmt"/>
        <line num="36" count="87" type="stmt"/>
        <line num="41" count="1" type="stmt"/>
        <line num="43" count="9" type="stmt"/>
        <line num="44" count="20" type="stmt"/>
        <line num="45" count="20" type="cond" truecount="2" falsecount="0"/>
        <line num="46" count="17" type="stmt"/>
        <line num="47" count="45" type="stmt"/>
        <line num="49" count="17" type="stmt"/>
        <line num="54" count="1" type="stmt"/>
        <line num="57" count="1" type="stmt"/>
        <line num="58" count="3" type="stmt"/>
        <line num="60" count="3" type="cond" truecount="1" falsecount="1"/>
        <line num="61" count="0" type="stmt"/>
        <line num="64" count="1" type="stmt"/>
        <line num="67" count="1" type="stmt"/>
        <line num="70" count="3" type="stmt"/>
        <line num="72" count="3" type="stmt"/>
        <line num="73" count="9" type="stmt"/>
        <line num="74" count="9" type="cond" truecount="1" falsecount="1"/>
        <line num="75" count="0" type="stmt"/>
        <line num="76" count="0" type="stmt"/>
        <line num="78" count="9" type="stmt"/>
        <line num="79" count="18" type="stmt"/>
        <line num="81" count="9" type="stmt"/>
        <line num="84" count="3" type="stmt"/>
        <line num="85" count="3" type="stmt"/>
        <line num="89" count="1" type="stmt"/>
        <line num="91" count="3" type="stmt"/>
        <line num="92" count="3" type="stmt"/>
        <line num="93" count="3" type="stmt"/>
        <line num="94" count="3" type="cond" truecount="2" falsecount="0"/>
        <line num="95" count="36" type="cond" truecount="1" falsecount="1"/>
        <line num="96" count="36" type="stmt"/>
        <line num="97" count="36" type="stmt"/>
        <line num="98" count="36" type="cond" truecount="1" falsecount="1"/>
        <line num="99" count="36" type="cond" truecount="2" falsecount="0"/>
        <line num="100" count="3" type="stmt"/>
        <line num="102" count="36" type="stmt"/>
        <line num="103" count="36" type="cond" truecount="2" falsecount="0"/>
        <line num="104" count="3" type="cond" truecount="1" falsecount="1"/>
        <line num="105" count="3" type="stmt"/>
        <line num="106" count="3" type="stmt"/>
        <line num="107" count="3" type="cond" truecount="1" falsecount="1"/>
        <line num="109" count="0" type="stmt"/>
        <line num="111" count="36" type="stmt"/>
        <line num="114" count="3" type="stmt"/>
        <line num="115" count="3" type="stmt"/>
        <line num="118" count="1" type="stmt"/>
        <line num="119" count="2" type="cond" truecount="1" falsecount="1"/>
        <line num="120" count="2" type="stmt"/>
        <line num="121" count="2" type="stmt"/>
        <line num="123" count="2" type="stmt"/>
        <line num="125" count="2" type="stmt"/>
        <line num="126" count="2" type="stmt"/>
        <line num="128" count="2" type="cond" truecount="4" falsecount="0"/>
        <line num="129" count="1" type="stmt"/>
        <line num="132" count="1" type="stmt"/>
        <line num="133" count="1" type="stmt"/>
        <line num="135" count="1" type="stmt"/>
        <line num="138" count="1" type="stmt"/>
        <line num="139" count="2" type="stmt"/>
        <line num="140" count="2" type="stmt"/>
        <line num="142" count="1" type="stmt"/>
        <line num="146" count="1" type="stmt"/>
        <line num="147" count="1" type="stmt"/>
        <line num="148" count="1" type="cond" truecount="1" falsecount="1"/>
        <line num="149" count="0" type="stmt"/>
        <line num="150" count="0" type="stmt"/>
        <line num="151" count="0" type="stmt"/>
        <line num="152" count="1" type="cond" truecount="3" falsecount="1"/>
        <line num="153" count="1" type="stmt"/>
        <line num="156" count="1" type="stmt"/>
        <line num="157" count="1" type="stmt"/>
        <line num="161" count="0" type="cond" truecount="0" falsecount="2"/>
        <line num="162" count="0" type="stmt"/>
        <line num="165" count="0" type="cond" truecount="0" falsecount="2"/>
        <line num="166" count="0" type="stmt"/>
        <line num="167" count="0" type="stmt"/>
        <line num="171" count="1" type="stmt"/>
        <line num="172" count="1" type="stmt"/>
        <line num="173" count="1" type="stmt"/>
        <line num="176" count="1" type="stmt"/>
        <line num="177" count="2" type="stmt"/>
        <line num="178" count="4" type="stmt"/>
        <line num="180" count="4" type="cond" truecount="1" falsecount="1"/>
        <line num="181" count="0" type="stmt"/>
        <line num="184" count="4" type="stmt"/>
        <line num="185" count="6" type="cond" truecount="2" falsecount="0"/>
        <line num="186" count="2" type="stmt"/>
        <line num="188" count="4" type="stmt"/>
        <line num="193" count="1" type="stmt"/>
        <line num="195" count="0" type="stmt"/>
        <line num="196" count="0" type="stmt"/>
        <line num="197" count="0" type="cond" truecount="0" falsecount="2"/>
        <line num="199" count="0" type="cond" truecount="0" falsecount="2"/>
        <line num="201" count="0" type="stmt"/>
        <line num="204" count="0" type="stmt"/>
        <line num="205" count="0" type="stmt"/>
        <line num="207" count="0" type="stmt"/>
        <line num="208" count="0" type="stmt"/>
        <line num="214" count="1" type="stmt"/>
        <line num="216" count="1" type="stmt"/>
        <line num="217" count="1" type="stmt"/>
        <line num="218" count="1" type="stmt"/>
        <line num="220" count="3" type="stmt"/>
        <line num="221" count="3" type="stmt"/>
        <line num="223" count="3" type="cond" truecount="5" falsecount="0"/>
        <line num="224" count="1" type="stmt"/>
        <line num="225" count="1" type="stmt"/>
        <line num="226" count="1" type="stmt"/>
        <line num="227" count="1" type="stmt"/>
        <line num="229" count="1" type="stmt"/>
        <line num="231" count="2" type="stmt"/>
        <line num="234" count="0" type="stmt"/>
        <line num="237" count="1" type="stmt"/>
        <line num="239" count="1" type="stmt"/>
        <line num="240" count="1" type="stmt"/>
        <line num="241" count="3" type="stmt"/>
        <line num="243" count="3" type="stmt"/>
        <line num="244" count="6" type="stmt"/>
        <line num="248" count="3" type="stmt"/>
        <line num="249" count="3" type="stmt"/>
        <line num="252" count="1" type="stmt"/>
        <line num="255" count="1" type="stmt"/>
        <line num="256" count="0" type="cond" truecount="0" falsecount="2"/>
        <line num="257" count="0" type="stmt"/>
        <line num="259" count="0" type="stmt"/>
        <line num="261" count="0" type="stmt"/>
        <line num="262" count="0" type="stmt"/>
        <line num="264" count="0" type="cond" truecount="0" falsecount="2"/>
        <line num="265" count="0" type="stmt"/>
        <line num="268" count="0" type="stmt"/>
        <line num="271" count="0" type="cond" truecount="0" falsecount="2"/>
        <line num="272" count="0" type="stmt"/>
        <line num="275" count="0" type="stmt"/>
        <line num="279" count="1" type="stmt"/>
        <line num="280" count="0" type="stmt"/>
        <line num="281" count="0" type="stmt"/>
        <line num="282" count="0" type="stmt"/>
        <line num="286" count="1" type="stmt"/>
        <line num="288" count="1" type="stmt"/>
        <line num="290" count="1" type="stmt"/>
        <line num="291" count="1" type="stmt"/>
        <line num="293" count="1" type="stmt"/>
        <line num="295" count="1" type="cond" truecount="1" falsecount="1"/>
        <line num="296" count="0" type="stmt"/>
        <line num="299" count="1" type="stmt"/>
        <line num="300" count="3" type="stmt"/>
        <line num="303" count="0" type="cond" truecount="0" falsecount="2"/>
        <line num="304" count="0" type="cond" truecount="0" falsecount="2"/>
        <line num="305" count="0" type="stmt"/>
        <line num="306" count="0" type="stmt"/>
        <line num="308" count="0" type="stmt"/>
        <line num="312" count="0" type="stmt"/>
        <line num="313" count="0" type="stmt"/>
        <line num="315" count="0" type="stmt"/>
        <line num="316" count="0" type="stmt"/>
        <line num="318" count="0" type="cond" truecount="0" falsecount="2"/>
        <line num="319" count="0" type="stmt"/>
        <line num="322" count="0" type="stmt"/>
        <line num="323" count="0" type="stmt"/>
        <line num="324" count="0" type="stmt"/>
        <line num="327" count="0" type="cond" truecount="0" falsecount="2"/>
        <line num="328" count="0" type="cond" truecount="0" falsecount="2"/>
        <line num="329" count="0" type="stmt"/>
        <line num="330" count="0" type="stmt"/>
        <line num="332" count="0" type="stmt"/>
        <line num="333" count="0" type="stmt"/>
        <line num="338" count="0" type="stmt"/>
        <line num="339" count="0" type="stmt"/>
        <line num="342" count="0" type="cond" truecount="0" falsecount="4"/>
        <line num="344" count="0" type="stmt"/>
        <line num="345" count="0" type="stmt"/>
        <line num="347" count="0" type="stmt"/>
        <line num="349" count="0" type="stmt"/>
        <line num="350" count="0" type="stmt"/>
        <line num="352" count="0" type="stmt"/>
        <line num="356" count="0" type="stmt"/>
      </file>
      <file name="linkedlist.js" path="C:\Users\omerr\Desktop\Trendyol_Bootcamp\final-project-solitaire\src\logic\linkedlist.js">
        <metrics statements="15" coveredstatements="15" conditionals="2" coveredconditionals="2" methods="3" coveredmethods="3"/>
        <line num="4" count="57" type="stmt"/>
        <line num="5" count="57" type="stmt"/>
        <line num="12" count="11" type="stmt"/>
        <line num="13" count="57" type="cond" truecount="2" falsecount="0"/>
        <line num="14" count="11" type="stmt"/>
        <line num="16" count="46" type="stmt"/>
        <line num="17" count="46" type="stmt"/>
        <line num="18" count="46" type="stmt"/>
        <line num="21" count="11" type="stmt"/>
        <line num="24" count="3" type="stmt"/>
        <line num="26" count="2" type="stmt"/>
        <line num="28" count="2" type="stmt"/>
        <line num="29" count="11" type="stmt"/>
        <line num="30" count="11" type="stmt"/>
        <line num="33" count="2" type="stmt"/>
      </file>
    </package>
  </project>
</coverage>
