{"C:\\Users\\omerr\\Desktop\\Trendyol_Bootcamp\\final-project-solitaire\\styleMock.js": {"path":"C:\\Users\\omerr\\Desktop\\Trendyol_Bootcamp\\final-project-solitaire\\styleMock.js","statementMap":{"0":{"start":{"line":1,"column":0},"end":{"line":1,"column":20}}},"fnMap":{},"branchMap":{},"s":{"0":1},"f":{},"b":{},"_coverageSchema":"1a1c01bbd47fc00a2c39e90264f33305004495a9","hash":"08276c429c2706cd846242c2b2520997b27ed5c8"}
,"C:\\Users\\omerr\\Desktop\\Trendyol_Bootcamp\\final-project-solitaire\\src\\JunkData.js": {"path":"C:\\Users\\omerr\\Desktop\\Trendyol_Bootcamp\\final-project-solitaire\\src\\JunkData.js","statementMap":{"0":{"start":{"line":1,"column":29},"end":{"line":270,"column":1}},"1":{"start":{"line":3,"column":22},"end":{"line":11,"column":5}},"2":{"start":{"line":13,"column":23},"end":{"line":28,"column":6}},"3":{"start":{"line":30,"column":23},"end":{"line":54,"column":5}},"4":{"start":{"line":56,"column":23},"end":{"line":80,"column":5}},"5":{"start":{"line":82,"column":23},"end":{"line":106,"column":5}},"6":{"start":{"line":108,"column":23},"end":{"line":132,"column":5}},"7":{"start":{"line":134,"column":19},"end":{"line":152,"column":5}},"8":{"start":{"line":154,"column":24},"end":{"line":258,"column":5}},"9":{"start":{"line":260,"column":4},"end":{"line":269,"column":5}}},"fnMap":{"0":{"name":"(anonymous_0)","decl":{"start":{"line":1,"column":29},"end":{"line":1,"column":30}},"loc":{"start":{"line":1,"column":35},"end":{"line":270,"column":1}},"line":1}},"branchMap":{},"s":{"0":2,"1":129,"2":129,"3":129,"4":129,"5":129,"6":129,"7":129,"8":129,"9":129},"f":{"0":129},"b":{},"_coverageSchema":"1a1c01bbd47fc00a2c39e90264f33305004495a9","hash":"5a8f6de589d8039cfc3a8387a5fa01b9fcd79d78"}
,"C:\\Users\\omerr\\Desktop\\Trendyol_Bootcamp\\final-project-solitaire\\src\\logic\\CardGenerator.js": {"path":"C:\\Users\\omerr\\Desktop\\Trendyol_Bootcamp\\final-project-solitaire\\src\\logic\\CardGenerator.js","statementMap":{"0":{"start":{"line":5,"column":8},"end":{"line":5,"column":25}},"1":{"start":{"line":6,"column":8},"end":{"line":6,"column":27}},"2":{"start":{"line":7,"column":8},"end":{"line":7,"column":25}},"3":{"start":{"line":8,"column":8},"end":{"line":8,"column":28}},"4":{"start":{"line":12,"column":29},"end":{"line":22,"column":1}},"5":{"start":{"line":13,"column":21},"end":{"line":13,"column":90}},"6":{"start":{"line":15,"column":16},"end":{"line":15,"column":18}},"7":{"start":{"line":16,"column":4},"end":{"line":20,"column":5}},"8":{"start":{"line":16,"column":21},"end":{"line":16,"column":22}},"9":{"start":{"line":17,"column":8},"end":{"line":19,"column":10}},"10":{"start":{"line":18,"column":12},"end":{"line":18,"column":59}},"11":{"start":{"line":21,"column":4},"end":{"line":21,"column":16}},"12":{"start":{"line":24,"column":28},"end":{"line":30,"column":1}},"13":{"start":{"line":25,"column":4},"end":{"line":28,"column":5}},"14":{"start":{"line":25,"column":21},"end":{"line":25,"column":37}},"15":{"start":{"line":26,"column":18},"end":{"line":26,"column":57}},"16":{"start":{"line":27,"column":8},"end":{"line":27,"column":60}},"17":{"start":{"line":29,"column":4},"end":{"line":29,"column":16}},"18":{"start":{"line":32,"column":26},"end":{"line":44,"column":1}},"19":{"start":{"line":33,"column":21},"end":{"line":33,"column":23}},"20":{"start":{"line":34,"column":15},"end":{"line":34,"column":16}},"21":{"start":{"line":35,"column":4},"end":{"line":42,"column":5}},"22":{"start":{"line":35,"column":21},"end":{"line":35,"column":22}},"23":{"start":{"line":36,"column":8},"end":{"line":41,"column":9}},"24":{"start":{"line":37,"column":12},"end":{"line":37,"column":92}},"25":{"start":{"line":39,"column":12},"end":{"line":39,"column":106}},"26":{"start":{"line":40,"column":12},"end":{"line":40,"column":21}},"27":{"start":{"line":43,"column":4},"end":{"line":43,"column":21}},"28":{"start":{"line":46,"column":33},"end":{"line":48,"column":1}},"29":{"start":{"line":47,"column":4},"end":{"line":47,"column":55}},"30":{"start":{"line":47,"column":42},"end":{"line":47,"column":53}},"31":{"start":{"line":50,"column":32},"end":{"line":58,"column":1}},"32":{"start":{"line":51,"column":4},"end":{"line":57,"column":5}},"33":{"start":{"line":51,"column":21},"end":{"line":51,"column":22}},"34":{"start":{"line":52,"column":22},"end":{"line":52,"column":41}},"35":{"start":{"line":53,"column":8},"end":{"line":55,"column":9}},"36":{"start":{"line":54,"column":12},"end":{"line":54,"column":34}},"37":{"start":{"line":56,"column":8},"end":{"line":56,"column":32}},"38":{"start":{"line":60,"column":22},"end":{"line":82,"column":1}},"39":{"start":{"line":63,"column":12},"end":{"line":63,"column":27}},"40":{"start":{"line":66,"column":0},"end":{"line":66,"column":27}},"41":{"start":{"line":69,"column":17},"end":{"line":69,"column":34}},"42":{"start":{"line":72,"column":0},"end":{"line":72,"column":35}},"43":{"start":{"line":75,"column":21},"end":{"line":75,"column":31}},"44":{"start":{"line":76,"column":17},"end":{"line":76,"column":41}},"45":{"start":{"line":79,"column":0},"end":{"line":79,"column":30}},"46":{"start":{"line":81,"column":0},"end":{"line":81,"column":31}}},"fnMap":{"0":{"name":"(anonymous_0)","decl":{"start":{"line":4,"column":4},"end":{"line":4,"column":5}},"loc":{"start":{"line":4,"column":42},"end":{"line":9,"column":5}},"line":4},"1":{"name":"(anonymous_1)","decl":{"start":{"line":12,"column":29},"end":{"line":12,"column":30}},"loc":{"start":{"line":12,"column":35},"end":{"line":22,"column":1}},"line":12},"2":{"name":"(anonymous_2)","decl":{"start":{"line":17,"column":25},"end":{"line":17,"column":26}},"loc":{"start":{"line":17,"column":35},"end":{"line":19,"column":9}},"line":17},"3":{"name":"(anonymous_3)","decl":{"start":{"line":24,"column":28},"end":{"line":24,"column":29}},"loc":{"start":{"line":24,"column":39},"end":{"line":30,"column":1}},"line":24},"4":{"name":"(anonymous_4)","decl":{"start":{"line":32,"column":26},"end":{"line":32,"column":27}},"loc":{"start":{"line":32,"column":37},"end":{"line":44,"column":1}},"line":32},"5":{"name":"(anonymous_5)","decl":{"start":{"line":46,"column":33},"end":{"line":46,"column":34}},"loc":{"start":{"line":46,"column":44},"end":{"line":48,"column":1}},"line":46},"6":{"name":"(anonymous_6)","decl":{"start":{"line":47,"column":24},"end":{"line":47,"column":25}},"loc":{"start":{"line":47,"column":42},"end":{"line":47,"column":53}},"line":47},"7":{"name":"(anonymous_7)","decl":{"start":{"line":50,"column":32},"end":{"line":50,"column":33}},"loc":{"start":{"line":50,"column":50},"end":{"line":58,"column":1}},"line":50},"8":{"name":"(anonymous_8)","decl":{"start":{"line":60,"column":22},"end":{"line":60,"column":23}},"loc":{"start":{"line":60,"column":28},"end":{"line":82,"column":1}},"line":60}},"branchMap":{"0":{"loc":{"start":{"line":36,"column":8},"end":{"line":41,"column":9}},"type":"if","locations":[{"start":{"line":36,"column":8},"end":{"line":41,"column":9}},{"start":{"line":36,"column":8},"end":{"line":41,"column":9}}],"line":36}},"s":{"0":315,"1":315,"2":315,"3":315,"4":2,"5":3,"6":3,"7":3,"8":3,"9":24,"10":312,"11":3,"12":2,"13":1,"14":1,"15":4,"16":4,"17":1,"18":2,"19":2,"20":2,"21":2,"22":2,"23":20,"24":8,"25":12,"26":12,"27":2,"28":2,"29":1,"30":104,"31":2,"32":1,"33":1,"34":10,"35":10,"36":44,"37":10,"38":2,"39":0,"40":0,"41":0,"42":0,"43":0,"44":0,"45":0,"46":0},"f":{"0":315,"1":3,"2":312,"3":1,"4":2,"5":1,"6":104,"7":1,"8":0},"b":{"0":[8,12]},"_coverageSchema":"1a1c01bbd47fc00a2c39e90264f33305004495a9","hash":"adaaeea7904b62168572736918bced9874f0a4a8"}
,"C:\\Users\\omerr\\Desktop\\Trendyol_Bootcamp\\final-project-solitaire\\src\\logic\\Gameplay.js": {"path":"C:\\Users\\omerr\\Desktop\\Trendyol_Bootcamp\\final-project-solitaire\\src\\logic\\Gameplay.js","statementMap":{"0":{"start":{"line":6,"column":28},"end":{"line":15,"column":1}},"1":{"start":{"line":10,"column":12},"end":{"line":10,"column":26}},"2":{"start":{"line":11,"column":12},"end":{"line":11,"column":28}},"3":{"start":{"line":14,"column":4},"end":{"line":14,"column":28}},"4":{"start":{"line":17,"column":31},"end":{"line":23,"column":1}},"5":{"start":{"line":19,"column":4},"end":{"line":22,"column":5}},"6":{"start":{"line":20,"column":8},"end":{"line":20,"column":33}},"7":{"start":{"line":21,"column":8},"end":{"line":21,"column":28}},"8":{"start":{"line":25,"column":34},"end":{"line":39,"column":1}},"9":{"start":{"line":27,"column":4},"end":{"line":38,"column":5}},"10":{"start":{"line":27,"column":21},"end":{"line":27,"column":22}},"11":{"start":{"line":28,"column":22},"end":{"line":28,"column":37}},"12":{"start":{"line":30,"column":8},"end":{"line":37,"column":9}},"13":{"start":{"line":32,"column":12},"end":{"line":34,"column":13}},"14":{"start":{"line":33,"column":16},"end":{"line":33,"column":78}},"15":{"start":{"line":35,"column":12},"end":{"line":35,"column":26}},"16":{"start":{"line":36,"column":12},"end":{"line":36,"column":34}},"17":{"start":{"line":41,"column":30},"end":{"line":52,"column":1}},"18":{"start":{"line":43,"column":4},"end":{"line":51,"column":5}},"19":{"start":{"line":43,"column":21},"end":{"line":43,"column":22}},"20":{"start":{"line":44,"column":22},"end":{"line":44,"column":37}},"21":{"start":{"line":45,"column":8},"end":{"line":50,"column":9}},"22":{"start":{"line":46,"column":12},"end":{"line":48,"column":13}},"23":{"start":{"line":47,"column":16},"end":{"line":47,"column":38}},"24":{"start":{"line":49,"column":12},"end":{"line":49,"column":36}},"25":{"start":{"line":54,"column":24},"end":{"line":65,"column":1}},"26":{"start":{"line":57,"column":4},"end":{"line":63,"column":5}},"27":{"start":{"line":57,"column":21},"end":{"line":57,"column":22}},"28":{"start":{"line":58,"column":22},"end":{"line":58,"column":37}},"29":{"start":{"line":60,"column":8},"end":{"line":62,"column":9}},"30":{"start":{"line":61,"column":12},"end":{"line":61,"column":24}},"31":{"start":{"line":64,"column":4},"end":{"line":64,"column":15}},"32":{"start":{"line":67,"column":29},"end":{"line":87,"column":1}},"33":{"start":{"line":70,"column":8},"end":{"line":70,"column":20}},"34":{"start":{"line":72,"column":8},"end":{"line":83,"column":9}},"35":{"start":{"line":72,"column":25},"end":{"line":72,"column":26}},"36":{"start":{"line":73,"column":26},"end":{"line":73,"column":41}},"37":{"start":{"line":74,"column":12},"end":{"line":82,"column":13}},"38":{"start":{"line":75,"column":16},"end":{"line":75,"column":56}},"39":{"start":{"line":76,"column":16},"end":{"line":76,"column":41}},"40":{"start":{"line":78,"column":16},"end":{"line":80,"column":17}},"41":{"start":{"line":79,"column":20},"end":{"line":79,"column":42}},"42":{"start":{"line":81,"column":16},"end":{"line":81,"column":61}},"43":{"start":{"line":84,"column":8},"end":{"line":84,"column":32}},"44":{"start":{"line":85,"column":8},"end":{"line":85,"column":34}},"45":{"start":{"line":89,"column":29},"end":{"line":116,"column":1}},"46":{"start":{"line":91,"column":4},"end":{"line":113,"column":5}},"47":{"start":{"line":91,"column":21},"end":{"line":91,"column":22}},"48":{"start":{"line":92,"column":22},"end":{"line":92,"column":37}},"49":{"start":{"line":93,"column":19},"end":{"line":93,"column":20}},"50":{"start":{"line":94,"column":8},"end":{"line":112,"column":9}},"51":{"start":{"line":95,"column":12},"end":{"line":110,"column":13}},"52":{"start":{"line":96,"column":33},"end":{"line":96,"column":60}},"53":{"start":{"line":97,"column":32},"end":{"line":97,"column":50}},"54":{"start":{"line":98,"column":16},"end":{"line":109,"column":31}},"55":{"start":{"line":99,"column":20},"end":{"line":101,"column":21}},"56":{"start":{"line":100,"column":35},"end":{"line":100,"column":42}},"57":{"start":{"line":102,"column":20},"end":{"line":102,"column":29}},"58":{"start":{"line":103,"column":20},"end":{"line":108,"column":21}},"59":{"start":{"line":104,"column":24},"end":{"line":104,"column":63}},"60":{"start":{"line":105,"column":24},"end":{"line":105,"column":37}},"61":{"start":{"line":106,"column":24},"end":{"line":106,"column":58}},"62":{"start":{"line":107,"column":24},"end":{"line":107,"column":66}},"63":{"start":{"line":109,"column":23},"end":{"line":109,"column":31}},"64":{"start":{"line":111,"column":12},"end":{"line":111,"column":34}},"65":{"start":{"line":114,"column":4},"end":{"line":114,"column":28}},"66":{"start":{"line":115,"column":4},"end":{"line":115,"column":27}},"67":{"start":{"line":118,"column":26},"end":{"line":144,"column":1}},"68":{"start":{"line":119,"column":4},"end":{"line":143,"column":5}},"69":{"start":{"line":120,"column":19},"end":{"line":120,"column":20}},"70":{"start":{"line":121,"column":19},"end":{"line":121,"column":23}},"71":{"start":{"line":123,"column":8},"end":{"line":134,"column":9}},"72":{"start":{"line":125,"column":29},"end":{"line":125,"column":53}},"73":{"start":{"line":126,"column":28},"end":{"line":126,"column":43}},"74":{"start":{"line":128,"column":12},"end":{"line":130,"column":13}},"75":{"start":{"line":129,"column":16},"end":{"line":129,"column":28}},"76":{"start":{"line":132,"column":12},"end":{"line":132,"column":28}},"77":{"start":{"line":133,"column":12},"end":{"line":133,"column":21}},"78":{"start":{"line":135,"column":19},"end":{"line":135,"column":23}},"79":{"start":{"line":138,"column":8},"end":{"line":141,"column":9}},"80":{"start":{"line":138,"column":25},"end":{"line":138,"column":26}},"81":{"start":{"line":139,"column":12},"end":{"line":139,"column":34}},"82":{"start":{"line":140,"column":12},"end":{"line":140,"column":28}},"83":{"start":{"line":142,"column":8},"end":{"line":142,"column":19}},"84":{"start":{"line":146,"column":27},"end":{"line":174,"column":1}},"85":{"start":{"line":147,"column":22},"end":{"line":147,"column":27}},"86":{"start":{"line":148,"column":4},"end":{"line":170,"column":5}},"87":{"start":{"line":149,"column":8},"end":{"line":149,"column":49}},"88":{"start":{"line":150,"column":8},"end":{"line":150,"column":37}},"89":{"start":{"line":151,"column":8},"end":{"line":151,"column":26}},"90":{"start":{"line":152,"column":11},"end":{"line":170,"column":5}},"91":{"start":{"line":153,"column":8},"end":{"line":153,"column":49}},"92":{"start":{"line":156,"column":8},"end":{"line":156,"column":31}},"93":{"start":{"line":157,"column":8},"end":{"line":157,"column":26}},"94":{"start":{"line":161,"column":8},"end":{"line":169,"column":9}},"95":{"start":{"line":162,"column":12},"end":{"line":162,"column":58}},"96":{"start":{"line":165,"column":12},"end":{"line":168,"column":13}},"97":{"start":{"line":166,"column":16},"end":{"line":166,"column":44}},"98":{"start":{"line":167,"column":16},"end":{"line":167,"column":44}},"99":{"start":{"line":171,"column":4},"end":{"line":171,"column":32}},"100":{"start":{"line":172,"column":4},"end":{"line":172,"column":28}},"101":{"start":{"line":173,"column":4},"end":{"line":173,"column":22}},"102":{"start":{"line":176,"column":23},"end":{"line":191,"column":1}},"103":{"start":{"line":177,"column":4},"end":{"line":190,"column":5}},"104":{"start":{"line":177,"column":21},"end":{"line":177,"column":22}},"105":{"start":{"line":178,"column":22},"end":{"line":178,"column":37}},"106":{"start":{"line":180,"column":8},"end":{"line":182,"column":9}},"107":{"start":{"line":181,"column":12},"end":{"line":181,"column":20}},"108":{"start":{"line":184,"column":8},"end":{"line":189,"column":9}},"109":{"start":{"line":185,"column":12},"end":{"line":187,"column":13}},"110":{"start":{"line":186,"column":17},"end":{"line":186,"column":40}},"111":{"start":{"line":188,"column":12},"end":{"line":188,"column":34}},"112":{"start":{"line":193,"column":29},"end":{"line":212,"column":1}},"113":{"start":{"line":195,"column":4},"end":{"line":211,"column":5}},"114":{"start":{"line":195,"column":21},"end":{"line":195,"column":22}},"115":{"start":{"line":196,"column":22},"end":{"line":196,"column":37}},"116":{"start":{"line":197,"column":8},"end":{"line":210,"column":9}},"117":{"start":{"line":199,"column":12},"end":{"line":209,"column":13}},"118":{"start":{"line":201,"column":16},"end":{"line":201,"column":51}},"119":{"start":{"line":204,"column":16},"end":{"line":206,"column":17}},"120":{"start":{"line":205,"column":20},"end":{"line":205,"column":42}},"121":{"start":{"line":207,"column":16},"end":{"line":207,"column":51}},"122":{"start":{"line":208,"column":16},"end":{"line":208,"column":48}},"123":{"start":{"line":214,"column":23},"end":{"line":235,"column":1}},"124":{"start":{"line":216,"column":4},"end":{"line":233,"column":5}},"125":{"start":{"line":216,"column":21},"end":{"line":216,"column":22}},"126":{"start":{"line":217,"column":22},"end":{"line":217,"column":37}},"127":{"start":{"line":218,"column":8},"end":{"line":232,"column":9}},"128":{"start":{"line":220,"column":29},"end":{"line":220,"column":55}},"129":{"start":{"line":221,"column":28},"end":{"line":221,"column":46}},"130":{"start":{"line":223,"column":12},"end":{"line":230,"column":13}},"131":{"start":{"line":224,"column":16},"end":{"line":224,"column":57}},"132":{"start":{"line":225,"column":16},"end":{"line":225,"column":42}},"133":{"start":{"line":226,"column":16},"end":{"line":226,"column":44}},"134":{"start":{"line":227,"column":16},"end":{"line":227,"column":40}},"135":{"start":{"line":229,"column":16},"end":{"line":229,"column":27}},"136":{"start":{"line":231,"column":12},"end":{"line":231,"column":34}},"137":{"start":{"line":234,"column":4},"end":{"line":234,"column":16}},"138":{"start":{"line":237,"column":32},"end":{"line":253,"column":1}},"139":{"start":{"line":239,"column":23},"end":{"line":239,"column":25}},"140":{"start":{"line":240,"column":4},"end":{"line":250,"column":5}},"141":{"start":{"line":240,"column":21},"end":{"line":240,"column":22}},"142":{"start":{"line":241,"column":22},"end":{"line":241,"column":37}},"143":{"start":{"line":243,"column":8},"end":{"line":245,"column":9}},"144":{"start":{"line":244,"column":12},"end":{"line":244,"column":34}},"145":{"start":{"line":248,"column":8},"end":{"line":248,"column":86}},"146":{"start":{"line":249,"column":8},"end":{"line":249,"column":45}},"147":{"start":{"line":252,"column":4},"end":{"line":252,"column":23}},"148":{"start":{"line":255,"column":27},"end":{"line":277,"column":1}},"149":{"start":{"line":256,"column":4},"end":{"line":276,"column":5}},"150":{"start":{"line":257,"column":19},"end":{"line":257,"column":23}},"151":{"start":{"line":259,"column":8},"end":{"line":269,"column":9}},"152":{"start":{"line":261,"column":29},"end":{"line":261,"column":53}},"153":{"start":{"line":262,"column":28},"end":{"line":262,"column":43}},"154":{"start":{"line":264,"column":12},"end":{"line":266,"column":13}},"155":{"start":{"line":265,"column":20},"end":{"line":265,"column":32}},"156":{"start":{"line":268,"column":12},"end":{"line":268,"column":28}},"157":{"start":{"line":271,"column":8},"end":{"line":273,"column":9}},"158":{"start":{"line":272,"column":12},"end":{"line":272,"column":23}},"159":{"start":{"line":275,"column":8},"end":{"line":275,"column":19}},"160":{"start":{"line":279,"column":27},"end":{"line":284,"column":1}},"161":{"start":{"line":280,"column":4},"end":{"line":283,"column":5}},"162":{"start":{"line":281,"column":8},"end":{"line":281,"column":33}},"163":{"start":{"line":282,"column":8},"end":{"line":282,"column":30}},"164":{"start":{"line":286,"column":31},"end":{"line":357,"column":1}},"165":{"start":{"line":288,"column":18},"end":{"line":288,"column":63}},"166":{"start":{"line":288,"column":24},"end":{"line":288,"column":63}},"167":{"start":{"line":288,"column":43},"end":{"line":288,"column":62}},"168":{"start":{"line":290,"column":4},"end":{"line":355,"column":5}},"169":{"start":{"line":290,"column":21},"end":{"line":290,"column":22}},"170":{"start":{"line":291,"column":22},"end":{"line":291,"column":37}},"171":{"start":{"line":293,"column":19},"end":{"line":293,"column":23}},"172":{"start":{"line":295,"column":8},"end":{"line":297,"column":9}},"173":{"start":{"line":296,"column":12},"end":{"line":296,"column":20}},"174":{"start":{"line":299,"column":8},"end":{"line":301,"column":9}},"175":{"start":{"line":300,"column":12},"end":{"line":300,"column":34}},"176":{"start":{"line":303,"column":8},"end":{"line":310,"column":9}},"177":{"start":{"line":304,"column":12},"end":{"line":309,"column":13}},"178":{"start":{"line":305,"column":16},"end":{"line":305,"column":56}},"179":{"start":{"line":306,"column":16},"end":{"line":306,"column":28}},"180":{"start":{"line":308,"column":16},"end":{"line":308,"column":38}},"181":{"start":{"line":312,"column":8},"end":{"line":354,"column":9}},"182":{"start":{"line":312,"column":26},"end":{"line":312,"column":27}},"183":{"start":{"line":313,"column":27},"end":{"line":313,"column":43}},"184":{"start":{"line":315,"column":23},"end":{"line":315,"column":27}},"185":{"start":{"line":316,"column":23},"end":{"line":316,"column":31}},"186":{"start":{"line":318,"column":12},"end":{"line":320,"column":13}},"187":{"start":{"line":319,"column":16},"end":{"line":319,"column":24}},"188":{"start":{"line":322,"column":12},"end":{"line":325,"column":13}},"189":{"start":{"line":323,"column":16},"end":{"line":323,"column":40}},"190":{"start":{"line":324,"column":16},"end":{"line":324,"column":31}},"191":{"start":{"line":327,"column":12},"end":{"line":335,"column":13}},"192":{"start":{"line":328,"column":16},"end":{"line":334,"column":17}},"193":{"start":{"line":329,"column":20},"end":{"line":329,"column":63}},"194":{"start":{"line":330,"column":20},"end":{"line":330,"column":32}},"195":{"start":{"line":332,"column":20},"end":{"line":332,"column":35}},"196":{"start":{"line":333,"column":20},"end":{"line":333,"column":44}},"197":{"start":{"line":338,"column":29},"end":{"line":338,"column":56}},"198":{"start":{"line":339,"column":28},"end":{"line":339,"column":50}},"199":{"start":{"line":342,"column":12},"end":{"line":353,"column":13}},"200":{"start":{"line":344,"column":16},"end":{"line":344,"column":46}},"201":{"start":{"line":345,"column":16},"end":{"line":345,"column":47}},"202":{"start":{"line":347,"column":16},"end":{"line":347,"column":33}},"203":{"start":{"line":349,"column":16},"end":{"line":349,"column":50}},"204":{"start":{"line":350,"column":16},"end":{"line":350,"column":51}},"205":{"start":{"line":352,"column":16},"end":{"line":352,"column":27}},"206":{"start":{"line":356,"column":4},"end":{"line":356,"column":16}}},"fnMap":{"0":{"name":"(anonymous_0)","decl":{"start":{"line":6,"column":28},"end":{"line":6,"column":29}},"loc":{"start":{"line":6,"column":41},"end":{"line":15,"column":1}},"line":6},"1":{"name":"(anonymous_1)","decl":{"start":{"line":9,"column":8},"end":{"line":9,"column":9}},"loc":{"start":{"line":9,"column":25},"end":{"line":12,"column":9}},"line":9},"2":{"name":"(anonymous_2)","decl":{"start":{"line":17,"column":31},"end":{"line":17,"column":32}},"loc":{"start":{"line":17,"column":49},"end":{"line":23,"column":1}},"line":17},"3":{"name":"(anonymous_3)","decl":{"start":{"line":25,"column":34},"end":{"line":25,"column":35}},"loc":{"start":{"line":25,"column":56},"end":{"line":39,"column":1}},"line":25},"4":{"name":"(anonymous_4)","decl":{"start":{"line":41,"column":30},"end":{"line":41,"column":31}},"loc":{"start":{"line":41,"column":44},"end":{"line":52,"column":1}},"line":41},"5":{"name":"(anonymous_5)","decl":{"start":{"line":54,"column":24},"end":{"line":54,"column":25}},"loc":{"start":{"line":54,"column":38},"end":{"line":65,"column":1}},"line":54},"6":{"name":"(anonymous_6)","decl":{"start":{"line":67,"column":29},"end":{"line":67,"column":30}},"loc":{"start":{"line":67,"column":62},"end":{"line":87,"column":1}},"line":67},"7":{"name":"(anonymous_7)","decl":{"start":{"line":89,"column":29},"end":{"line":89,"column":30}},"loc":{"start":{"line":89,"column":59},"end":{"line":116,"column":1}},"line":89},"8":{"name":"(anonymous_8)","decl":{"start":{"line":118,"column":26},"end":{"line":118,"column":27}},"loc":{"start":{"line":118,"column":36},"end":{"line":144,"column":1}},"line":118},"9":{"name":"(anonymous_9)","decl":{"start":{"line":146,"column":27},"end":{"line":146,"column":28}},"loc":{"start":{"line":146,"column":67},"end":{"line":174,"column":1}},"line":146},"10":{"name":"(anonymous_10)","decl":{"start":{"line":176,"column":23},"end":{"line":176,"column":24}},"loc":{"start":{"line":176,"column":43},"end":{"line":191,"column":1}},"line":176},"11":{"name":"(anonymous_11)","decl":{"start":{"line":193,"column":29},"end":{"line":193,"column":30}},"loc":{"start":{"line":193,"column":54},"end":{"line":212,"column":1}},"line":193},"12":{"name":"(anonymous_12)","decl":{"start":{"line":214,"column":23},"end":{"line":214,"column":24}},"loc":{"start":{"line":214,"column":50},"end":{"line":235,"column":1}},"line":214},"13":{"name":"(anonymous_13)","decl":{"start":{"line":237,"column":32},"end":{"line":237,"column":33}},"loc":{"start":{"line":237,"column":46},"end":{"line":253,"column":1}},"line":237},"14":{"name":"(anonymous_14)","decl":{"start":{"line":255,"column":27},"end":{"line":255,"column":28}},"loc":{"start":{"line":255,"column":46},"end":{"line":277,"column":1}},"line":255},"15":{"name":"(anonymous_15)","decl":{"start":{"line":279,"column":27},"end":{"line":279,"column":28}},"loc":{"start":{"line":279,"column":46},"end":{"line":284,"column":1}},"line":279},"16":{"name":"(anonymous_16)","decl":{"start":{"line":286,"column":31},"end":{"line":286,"column":32}},"loc":{"start":{"line":286,"column":51},"end":{"line":357,"column":1}},"line":286},"17":{"name":"(anonymous_17)","decl":{"start":{"line":288,"column":18},"end":{"line":288,"column":19}},"loc":{"start":{"line":288,"column":24},"end":{"line":288,"column":63}},"line":288},"18":{"name":"(anonymous_18)","decl":{"start":{"line":288,"column":36},"end":{"line":288,"column":37}},"loc":{"start":{"line":288,"column":43},"end":{"line":288,"column":62}},"line":288}},"branchMap":{"0":{"loc":{"start":{"line":32,"column":12},"end":{"line":34,"column":13}},"type":"if","locations":[{"start":{"line":32,"column":12},"end":{"line":34,"column":13}},{"start":{"line":32,"column":12},"end":{"line":34,"column":13}}],"line":32},"1":{"loc":{"start":{"line":33,"column":16},"end":{"line":33,"column":78}},"type":"cond-expr","locations":[{"start":{"line":33,"column":37},"end":{"line":33,"column":59}},{"start":{"line":33,"column":62},"end":{"line":33,"column":78}}],"line":33},"2":{"loc":{"start":{"line":45,"column":8},"end":{"line":50,"column":9}},"type":"if","locations":[{"start":{"line":45,"column":8},"end":{"line":50,"column":9}},{"start":{"line":45,"column":8},"end":{"line":50,"column":9}}],"line":45},"3":{"loc":{"start":{"line":60,"column":8},"end":{"line":62,"column":9}},"type":"if","locations":[{"start":{"line":60,"column":8},"end":{"line":62,"column":9}},{"start":{"line":60,"column":8},"end":{"line":62,"column":9}}],"line":60},"4":{"loc":{"start":{"line":74,"column":12},"end":{"line":82,"column":13}},"type":"if","locations":[{"start":{"line":74,"column":12},"end":{"line":82,"column":13}},{"start":{"line":74,"column":12},"end":{"line":82,"column":13}}],"line":74},"5":{"loc":{"start":{"line":94,"column":15},"end":{"line":94,"column":56}},"type":"binary-expr","locations":[{"start":{"line":94,"column":15},"end":{"line":94,"column":31}},{"start":{"line":94,"column":35},"end":{"line":94,"column":56}}],"line":94},"6":{"loc":{"start":{"line":95,"column":12},"end":{"line":110,"column":13}},"type":"if","locations":[{"start":{"line":95,"column":12},"end":{"line":110,"column":13}},{"start":{"line":95,"column":12},"end":{"line":110,"column":13}}],"line":95},"7":{"loc":{"start":{"line":98,"column":16},"end":{"line":109,"column":31}},"type":"if","locations":[{"start":{"line":98,"column":16},"end":{"line":109,"column":31}},{"start":{"line":98,"column":16},"end":{"line":109,"column":31}}],"line":98},"8":{"loc":{"start":{"line":99,"column":20},"end":{"line":101,"column":21}},"type":"if","locations":[{"start":{"line":99,"column":20},"end":{"line":101,"column":21}},{"start":{"line":99,"column":20},"end":{"line":101,"column":21}}],"line":99},"9":{"loc":{"start":{"line":103,"column":20},"end":{"line":108,"column":21}},"type":"if","locations":[{"start":{"line":103,"column":20},"end":{"line":108,"column":21}},{"start":{"line":103,"column":20},"end":{"line":108,"column":21}}],"line":103},"10":{"loc":{"start":{"line":104,"column":24},"end":{"line":104,"column":63}},"type":"binary-expr","locations":[{"start":{"line":104,"column":24},"end":{"line":104,"column":28}},{"start":{"line":104,"column":32},"end":{"line":104,"column":63}}],"line":104},"11":{"loc":{"start":{"line":107,"column":24},"end":{"line":107,"column":66}},"type":"binary-expr","locations":[{"start":{"line":107,"column":24},"end":{"line":107,"column":28}},{"start":{"line":107,"column":32},"end":{"line":107,"column":66}}],"line":107},"12":{"loc":{"start":{"line":119,"column":4},"end":{"line":143,"column":5}},"type":"if","locations":[{"start":{"line":119,"column":4},"end":{"line":143,"column":5}},{"start":{"line":119,"column":4},"end":{"line":143,"column":5}}],"line":119},"13":{"loc":{"start":{"line":128,"column":12},"end":{"line":130,"column":13}},"type":"if","locations":[{"start":{"line":128,"column":12},"end":{"line":130,"column":13}},{"start":{"line":128,"column":12},"end":{"line":130,"column":13}}],"line":128},"14":{"loc":{"start":{"line":128,"column":16},"end":{"line":128,"column":67}},"type":"binary-expr","locations":[{"start":{"line":128,"column":16},"end":{"line":128,"column":40}},{"start":{"line":128,"column":44},"end":{"line":128,"column":67}}],"line":128},"15":{"loc":{"start":{"line":148,"column":4},"end":{"line":170,"column":5}},"type":"if","locations":[{"start":{"line":148,"column":4},"end":{"line":170,"column":5}},{"start":{"line":148,"column":4},"end":{"line":170,"column":5}}],"line":148},"16":{"loc":{"start":{"line":152,"column":11},"end":{"line":170,"column":5}},"type":"if","locations":[{"start":{"line":152,"column":11},"end":{"line":170,"column":5}},{"start":{"line":152,"column":11},"end":{"line":170,"column":5}}],"line":152},"17":{"loc":{"start":{"line":152,"column":15},"end":{"line":152,"column":78}},"type":"binary-expr","locations":[{"start":{"line":152,"column":15},"end":{"line":152,"column":28}},{"start":{"line":152,"column":32},"end":{"line":152,"column":78}}],"line":152},"18":{"loc":{"start":{"line":161,"column":8},"end":{"line":169,"column":9}},"type":"if","locations":[{"start":{"line":161,"column":8},"end":{"line":169,"column":9}},{"start":{"line":161,"column":8},"end":{"line":169,"column":9}}],"line":161},"19":{"loc":{"start":{"line":165,"column":12},"end":{"line":168,"column":13}},"type":"if","locations":[{"start":{"line":165,"column":12},"end":{"line":168,"column":13}},{"start":{"line":165,"column":12},"end":{"line":168,"column":13}}],"line":165},"20":{"loc":{"start":{"line":180,"column":8},"end":{"line":182,"column":9}},"type":"if","locations":[{"start":{"line":180,"column":8},"end":{"line":182,"column":9}},{"start":{"line":180,"column":8},"end":{"line":182,"column":9}}],"line":180},"21":{"loc":{"start":{"line":185,"column":12},"end":{"line":187,"column":13}},"type":"if","locations":[{"start":{"line":185,"column":12},"end":{"line":187,"column":13}},{"start":{"line":185,"column":12},"end":{"line":187,"column":13}}],"line":185},"22":{"loc":{"start":{"line":197,"column":8},"end":{"line":210,"column":9}},"type":"if","locations":[{"start":{"line":197,"column":8},"end":{"line":210,"column":9}},{"start":{"line":197,"column":8},"end":{"line":210,"column":9}}],"line":197},"23":{"loc":{"start":{"line":199,"column":12},"end":{"line":209,"column":13}},"type":"if","locations":[{"start":{"line":199,"column":12},"end":{"line":209,"column":13}},{"start":{"line":199,"column":12},"end":{"line":209,"column":13}}],"line":199},"24":{"loc":{"start":{"line":223,"column":12},"end":{"line":230,"column":13}},"type":"if","locations":[{"start":{"line":223,"column":12},"end":{"line":230,"column":13}},{"start":{"line":223,"column":12},"end":{"line":230,"column":13}}],"line":223},"25":{"loc":{"start":{"line":223,"column":16},"end":{"line":223,"column":98}},"type":"binary-expr","locations":[{"start":{"line":223,"column":16},"end":{"line":223,"column":44}},{"start":{"line":223,"column":48},"end":{"line":223,"column":73}},{"start":{"line":223,"column":77},"end":{"line":223,"column":98}}],"line":223},"26":{"loc":{"start":{"line":256,"column":4},"end":{"line":276,"column":5}},"type":"if","locations":[{"start":{"line":256,"column":4},"end":{"line":276,"column":5}},{"start":{"line":256,"column":4},"end":{"line":276,"column":5}}],"line":256},"27":{"loc":{"start":{"line":264,"column":12},"end":{"line":266,"column":13}},"type":"if","locations":[{"start":{"line":264,"column":12},"end":{"line":266,"column":13}},{"start":{"line":264,"column":12},"end":{"line":266,"column":13}}],"line":264},"28":{"loc":{"start":{"line":271,"column":8},"end":{"line":273,"column":9}},"type":"if","locations":[{"start":{"line":271,"column":8},"end":{"line":273,"column":9}},{"start":{"line":271,"column":8},"end":{"line":273,"column":9}}],"line":271},"29":{"loc":{"start":{"line":295,"column":8},"end":{"line":297,"column":9}},"type":"if","locations":[{"start":{"line":295,"column":8},"end":{"line":297,"column":9}},{"start":{"line":295,"column":8},"end":{"line":297,"column":9}}],"line":295},"30":{"loc":{"start":{"line":303,"column":15},"end":{"line":303,"column":39}},"type":"binary-expr","locations":[{"start":{"line":303,"column":15},"end":{"line":303,"column":31}},{"start":{"line":303,"column":35},"end":{"line":303,"column":39}}],"line":303},"31":{"loc":{"start":{"line":304,"column":12},"end":{"line":309,"column":13}},"type":"if","locations":[{"start":{"line":304,"column":12},"end":{"line":309,"column":13}},{"start":{"line":304,"column":12},"end":{"line":309,"column":13}}],"line":304},"32":{"loc":{"start":{"line":318,"column":12},"end":{"line":320,"column":13}},"type":"if","locations":[{"start":{"line":318,"column":12},"end":{"line":320,"column":13}},{"start":{"line":318,"column":12},"end":{"line":320,"column":13}}],"line":318},"33":{"loc":{"start":{"line":327,"column":19},"end":{"line":327,"column":44}},"type":"binary-expr","locations":[{"start":{"line":327,"column":19},"end":{"line":327,"column":36}},{"start":{"line":327,"column":40},"end":{"line":327,"column":44}}],"line":327},"34":{"loc":{"start":{"line":328,"column":16},"end":{"line":334,"column":17}},"type":"if","locations":[{"start":{"line":328,"column":16},"end":{"line":334,"column":17}},{"start":{"line":328,"column":16},"end":{"line":334,"column":17}}],"line":328},"35":{"loc":{"start":{"line":342,"column":12},"end":{"line":353,"column":13}},"type":"if","locations":[{"start":{"line":342,"column":12},"end":{"line":353,"column":13}},{"start":{"line":342,"column":12},"end":{"line":353,"column":13}}],"line":342},"36":{"loc":{"start":{"line":342,"column":16},"end":{"line":342,"column":74}},"type":"binary-expr","locations":[{"start":{"line":342,"column":16},"end":{"line":342,"column":40}},{"start":{"line":342,"column":44},"end":{"line":342,"column":74}}],"line":342}},"s":{"0":1,"1":9,"2":9,"3":9,"4":1,"5":3,"6":5,"7":5,"8":1,"9":9,"10":9,"11":20,"12":20,"13":87,"14":7,"15":87,"16":87,"17":1,"18":9,"19":9,"20":20,"21":20,"22":17,"23":45,"24":17,"25":1,"26":1,"27":1,"28":3,"29":3,"30":0,"31":1,"32":1,"33":3,"34":3,"35":3,"36":9,"37":9,"38":0,"39":0,"40":9,"41":18,"42":9,"43":3,"44":3,"45":1,"46":3,"47":3,"48":3,"49":3,"50":3,"51":36,"52":36,"53":36,"54":36,"55":36,"56":3,"57":36,"58":36,"59":3,"60":3,"61":3,"62":3,"63":0,"64":36,"65":3,"66":3,"67":1,"68":2,"69":2,"70":2,"71":2,"72":2,"73":2,"74":2,"75":1,"76":1,"77":1,"78":1,"79":1,"80":1,"81":2,"82":2,"83":1,"84":1,"85":1,"86":1,"87":0,"88":0,"89":0,"90":1,"91":1,"92":1,"93":1,"94":0,"95":0,"96":0,"97":0,"98":0,"99":1,"100":1,"101":1,"102":1,"103":2,"104":2,"105":4,"106":4,"107":0,"108":4,"109":6,"110":2,"111":4,"112":1,"113":0,"114":0,"115":0,"116":0,"117":0,"118":0,"119":0,"120":0,"121":0,"122":0,"123":1,"124":1,"125":1,"126":1,"127":1,"128":3,"129":3,"130":3,"131":1,"132":1,"133":1,"134":1,"135":1,"136":2,"137":0,"138":1,"139":1,"140":1,"141":1,"142":3,"143":3,"144":6,"145":3,"146":3,"147":1,"148":1,"149":0,"150":0,"151":0,"152":0,"153":0,"154":0,"155":0,"156":0,"157":0,"158":0,"159":0,"160":1,"161":0,"162":0,"163":0,"164":1,"165":1,"166":0,"167":0,"168":1,"169":1,"170":1,"171":1,"172":1,"173":0,"174":1,"175":3,"176":0,"177":0,"178":0,"179":0,"180":0,"181":0,"182":0,"183":0,"184":0,"185":0,"186":0,"187":0,"188":0,"189":0,"190":0,"191":0,"192":0,"193":0,"194":0,"195":0,"196":0,"197":0,"198":0,"199":0,"200":0,"201":0,"202":0,"203":0,"204":0,"205":0,"206":0},"f":{"0":9,"1":9,"2":3,"3":9,"4":9,"5":1,"6":3,"7":3,"8":2,"9":1,"10":2,"11":0,"12":1,"13":1,"14":0,"15":0,"16":1,"17":0,"18":0},"b":{"0":[7,80],"1":[4,3],"2":[17,3],"3":[0,3],"4":[0,9],"5":[39,39],"6":[36,0],"7":[36,0],"8":[3,33],"9":[3,33],"10":[3,0],"11":[3,0],"12":[2,0],"13":[1,1],"14":[2,1],"15":[0,1],"16":[1,0],"17":[1,1],"18":[0,0],"19":[0,0],"20":[0,4],"21":[2,4],"22":[0,0],"23":[0,0],"24":[1,2],"25":[3,1,1],"26":[0,0],"27":[0,0],"28":[0,0],"29":[0,1],"30":[0,0],"31":[0,0],"32":[0,0],"33":[0,0],"34":[0,0],"35":[0,0],"36":[0,0]},"_coverageSchema":"1a1c01bbd47fc00a2c39e90264f33305004495a9","hash":"f05ebb882f054c972d0c6545cddf840834f4f457"}
,"C:\\Users\\omerr\\Desktop\\Trendyol_Bootcamp\\final-project-solitaire\\src\\logic\\linkedlist.js": {"path":"C:\\Users\\omerr\\Desktop\\Trendyol_Bootcamp\\final-project-solitaire\\src\\logic\\linkedlist.js","statementMap":{"0":{"start":{"line":4,"column":8},"end":{"line":4,"column":23}},"1":{"start":{"line":5,"column":8},"end":{"line":5,"column":25}},"2":{"start":{"line":12,"column":4},"end":{"line":20,"column":5}},"3":{"start":{"line":12,"column":21},"end":{"line":12,"column":36}},"4":{"start":{"line":13,"column":8},"end":{"line":19,"column":9}},"5":{"start":{"line":14,"column":12},"end":{"line":14,"column":41}},"6":{"start":{"line":16,"column":12},"end":{"line":16,"column":41}},"7":{"start":{"line":17,"column":12},"end":{"line":17,"column":29}},"8":{"start":{"line":18,"column":12},"end":{"line":18,"column":24}},"9":{"start":{"line":21,"column":4},"end":{"line":21,"column":16}},"10":{"start":{"line":24,"column":19},"end":{"line":34,"column":1}},"11":{"start":{"line":26,"column":17},"end":{"line":26,"column":19}},"12":{"start":{"line":28,"column":0},"end":{"line":31,"column":1}},"13":{"start":{"line":28,"column":17},"end":{"line":28,"column":18}},"14":{"start":{"line":29,"column":20},"end":{"line":29,"column":32}},"15":{"start":{"line":30,"column":4},"end":{"line":30,"column":53}},"16":{"start":{"line":33,"column":0},"end":{"line":33,"column":17}}},"fnMap":{"0":{"name":"(anonymous_0)","decl":{"start":{"line":3,"column":4},"end":{"line":3,"column":5}},"loc":{"start":{"line":3,"column":21},"end":{"line":6,"column":5}},"line":3},"1":{"name":"createLink","decl":{"start":{"line":10,"column":9},"end":{"line":10,"column":19}},"loc":{"start":{"line":10,"column":25},"end":{"line":22,"column":1}},"line":10},"2":{"name":"(anonymous_2)","decl":{"start":{"line":24,"column":19},"end":{"line":24,"column":20}},"loc":{"start":{"line":24,"column":30},"end":{"line":34,"column":1}},"line":24}},"branchMap":{"0":{"loc":{"start":{"line":13,"column":8},"end":{"line":19,"column":9}},"type":"if","locations":[{"start":{"line":13,"column":8},"end":{"line":19,"column":9}},{"start":{"line":13,"column":8},"end":{"line":19,"column":9}}],"line":13}},"s":{"0":57,"1":57,"2":11,"3":11,"4":57,"5":11,"6":46,"7":46,"8":46,"9":11,"10":3,"11":2,"12":2,"13":2,"14":11,"15":11,"16":2},"f":{"0":57,"1":11,"2":2},"b":{"0":[11,46]},"_coverageSchema":"1a1c01bbd47fc00a2c39e90264f33305004495a9","hash":"c8550a662a459f4a7edcd2f428c66be826a0d7b0"}
}
