{"C:\\Users\\omerr\\Desktop\\Trendyol_Bootcamp\\final-project-solitaire\\styleMock.js": {"path":"C:\\Users\\omerr\\Desktop\\Trendyol_Bootcamp\\final-project-solitaire\\styleMock.js","statementMap":{"0":{"start":{"line":1,"column":0},"end":{"line":1,"column":20}}},"fnMap":{},"branchMap":{},"s":{"0":1},"f":{},"b":{},"_coverageSchema":"1a1c01bbd47fc00a2c39e90264f33305004495a9","hash":"08276c429c2706cd846242c2b2520997b27ed5c8"}
,"C:\\Users\\omerr\\Desktop\\Trendyol_Bootcamp\\final-project-solitaire\\src\\JunkData.js": {"path":"C:\\Users\\omerr\\Desktop\\Trendyol_Bootcamp\\final-project-solitaire\\src\\JunkData.js","statementMap":{"0":{"start":{"line":1,"column":29},"end":{"line":270,"column":1}},"1":{"start":{"line":3,"column":22},"end":{"line":11,"column":5}},"2":{"start":{"line":13,"column":23},"end":{"line":28,"column":6}},"3":{"start":{"line":30,"column":23},"end":{"line":54,"column":5}},"4":{"start":{"line":56,"column":23},"end":{"line":80,"column":5}},"5":{"start":{"line":82,"column":23},"end":{"line":106,"column":5}},"6":{"start":{"line":108,"column":23},"end":{"line":132,"column":5}},"7":{"start":{"line":134,"column":19},"end":{"line":152,"column":5}},"8":{"start":{"line":154,"column":24},"end":{"line":258,"column":5}},"9":{"start":{"line":260,"column":4},"end":{"line":269,"column":5}}},"fnMap":{"0":{"name":"(anonymous_0)","decl":{"start":{"line":1,"column":29},"end":{"line":1,"column":30}},"loc":{"start":{"line":1,"column":35},"end":{"line":270,"column":1}},"line":1}},"branchMap":{},"s":{"0":2,"1":122,"2":122,"3":122,"4":122,"5":122,"6":122,"7":122,"8":122,"9":122},"f":{"0":122},"b":{},"_coverageSchema":"1a1c01bbd47fc00a2c39e90264f33305004495a9","hash":"5a8f6de589d8039cfc3a8387a5fa01b9fcd79d78"}
,"C:\\Users\\omerr\\Desktop\\Trendyol_Bootcamp\\final-project-solitaire\\src\\logic\\CardGenerator.js": {"path":"C:\\Users\\omerr\\Desktop\\Trendyol_Bootcamp\\final-project-solitaire\\src\\logic\\CardGenerator.js","statementMap":{"0":{"start":{"line":5,"column":8},"end":{"line":5,"column":25}},"1":{"start":{"line":6,"column":8},"end":{"line":6,"column":27}},"2":{"start":{"line":7,"column":8},"end":{"line":7,"column":25}},"3":{"start":{"line":8,"column":8},"end":{"line":8,"column":28}},"4":{"start":{"line":12,"column":29},"end":{"line":22,"column":1}},"5":{"start":{"line":13,"column":21},"end":{"line":13,"column":90}},"6":{"start":{"line":15,"column":16},"end":{"line":15,"column":18}},"7":{"start":{"line":16,"column":4},"end":{"line":20,"column":5}},"8":{"start":{"line":16,"column":21},"end":{"line":16,"column":22}},"9":{"start":{"line":17,"column":8},"end":{"line":19,"column":10}},"10":{"start":{"line":18,"column":12},"end":{"line":18,"column":59}},"11":{"start":{"line":21,"column":4},"end":{"line":21,"column":16}},"12":{"start":{"line":24,"column":28},"end":{"line":30,"column":1}},"13":{"start":{"line":25,"column":4},"end":{"line":28,"column":5}},"14":{"start":{"line":25,"column":21},"end":{"line":25,"column":37}},"15":{"start":{"line":26,"column":18},"end":{"line":26,"column":57}},"16":{"start":{"line":27,"column":8},"end":{"line":27,"column":60}},"17":{"start":{"line":29,"column":4},"end":{"line":29,"column":16}},"18":{"start":{"line":32,"column":26},"end":{"line":44,"column":1}},"19":{"start":{"line":33,"column":21},"end":{"line":33,"column":23}},"20":{"start":{"line":34,"column":15},"end":{"line":34,"column":16}},"21":{"start":{"line":35,"column":4},"end":{"line":42,"column":5}},"22":{"start":{"line":35,"column":21},"end":{"line":35,"column":22}},"23":{"start":{"line":36,"column":8},"end":{"line":41,"column":9}},"24":{"start":{"line":37,"column":12},"end":{"line":37,"column":92}},"25":{"start":{"line":39,"column":12},"end":{"line":39,"column":106}},"26":{"start":{"line":40,"column":12},"end":{"line":40,"column":21}},"27":{"start":{"line":43,"column":4},"end":{"line":43,"column":21}},"28":{"start":{"line":46,"column":33},"end":{"line":48,"column":1}},"29":{"start":{"line":47,"column":4},"end":{"line":47,"column":55}},"30":{"start":{"line":47,"column":42},"end":{"line":47,"column":53}},"31":{"start":{"line":50,"column":32},"end":{"line":58,"column":1}},"32":{"start":{"line":51,"column":4},"end":{"line":57,"column":5}},"33":{"start":{"line":51,"column":21},"end":{"line":51,"column":22}},"34":{"start":{"line":52,"column":22},"end":{"line":52,"column":41}},"35":{"start":{"line":53,"column":8},"end":{"line":55,"column":9}},"36":{"start":{"line":54,"column":12},"end":{"line":54,"column":34}},"37":{"start":{"line":56,"column":8},"end":{"line":56,"column":32}},"38":{"start":{"line":60,"column":22},"end":{"line":82,"column":1}},"39":{"start":{"line":63,"column":12},"end":{"line":63,"column":27}},"40":{"start":{"line":66,"column":0},"end":{"line":66,"column":27}},"41":{"start":{"line":69,"column":17},"end":{"line":69,"column":34}},"42":{"start":{"line":72,"column":0},"end":{"line":72,"column":35}},"43":{"start":{"line":75,"column":21},"end":{"line":75,"column":31}},"44":{"start":{"line":76,"column":17},"end":{"line":76,"column":41}},"45":{"start":{"line":79,"column":0},"end":{"line":79,"column":30}},"46":{"start":{"line":81,"column":0},"end":{"line":81,"column":31}}},"fnMap":{"0":{"name":"(anonymous_0)","decl":{"start":{"line":4,"column":4},"end":{"line":4,"column":5}},"loc":{"start":{"line":4,"column":42},"end":{"line":9,"column":5}},"line":4},"1":{"name":"(anonymous_1)","decl":{"start":{"line":12,"column":29},"end":{"line":12,"column":30}},"loc":{"start":{"line":12,"column":35},"end":{"line":22,"column":1}},"line":12},"2":{"name":"(anonymous_2)","decl":{"start":{"line":17,"column":25},"end":{"line":17,"column":26}},"loc":{"start":{"line":17,"column":35},"end":{"line":19,"column":9}},"line":17},"3":{"name":"(anonymous_3)","decl":{"start":{"line":24,"column":28},"end":{"line":24,"column":29}},"loc":{"start":{"line":24,"column":39},"end":{"line":30,"column":1}},"line":24},"4":{"name":"(anonymous_4)","decl":{"start":{"line":32,"column":26},"end":{"line":32,"column":27}},"loc":{"start":{"line":32,"column":37},"end":{"line":44,"column":1}},"line":32},"5":{"name":"(anonymous_5)","decl":{"start":{"line":46,"column":33},"end":{"line":46,"column":34}},"loc":{"start":{"line":46,"column":44},"end":{"line":48,"column":1}},"line":46},"6":{"name":"(anonymous_6)","decl":{"start":{"line":47,"column":24},"end":{"line":47,"column":25}},"loc":{"start":{"line":47,"column":42},"end":{"line":47,"column":53}},"line":47},"7":{"name":"(anonymous_7)","decl":{"start":{"line":50,"column":32},"end":{"line":50,"column":33}},"loc":{"start":{"line":50,"column":50},"end":{"line":58,"column":1}},"line":50},"8":{"name":"(anonymous_8)","decl":{"start":{"line":60,"column":22},"end":{"line":60,"column":23}},"loc":{"start":{"line":60,"column":28},"end":{"line":82,"column":1}},"line":60}},"branchMap":{"0":{"loc":{"start":{"line":36,"column":8},"end":{"line":41,"column":9}},"type":"if","locations":[{"start":{"line":36,"column":8},"end":{"line":41,"column":9}},{"start":{"line":36,"column":8},"end":{"line":41,"column":9}}],"line":36}},"s":{"0":315,"1":315,"2":315,"3":315,"4":2,"5":3,"6":3,"7":3,"8":3,"9":24,"10":312,"11":3,"12":2,"13":1,"14":1,"15":4,"16":4,"17":1,"18":2,"19":2,"20":2,"21":2,"22":2,"23":20,"24":8,"25":12,"26":12,"27":2,"28":2,"29":1,"30":104,"31":2,"32":1,"33":1,"34":10,"35":10,"36":44,"37":10,"38":2,"39":0,"40":0,"41":0,"42":0,"43":0,"44":0,"45":0,"46":0},"f":{"0":315,"1":3,"2":312,"3":1,"4":2,"5":1,"6":104,"7":1,"8":0},"b":{"0":[8,12]},"_coverageSchema":"1a1c01bbd47fc00a2c39e90264f33305004495a9","hash":"adaaeea7904b62168572736918bced9874f0a4a8"}
,"C:\\Users\\omerr\\Desktop\\Trendyol_Bootcamp\\final-project-solitaire\\src\\logic\\Gameplay.js": {"path":"C:\\Users\\omerr\\Desktop\\Trendyol_Bootcamp\\final-project-solitaire\\src\\logic\\Gameplay.js","statementMap":{"0":{"start":{"line":6,"column":28},"end":{"line":15,"column":1}},"1":{"start":{"line":10,"column":12},"end":{"line":10,"column":26}},"2":{"start":{"line":11,"column":12},"end":{"line":11,"column":28}},"3":{"start":{"line":14,"column":4},"end":{"line":14,"column":28}},"4":{"start":{"line":17,"column":31},"end":{"line":23,"column":1}},"5":{"start":{"line":19,"column":4},"end":{"line":22,"column":5}},"6":{"start":{"line":20,"column":8},"end":{"line":20,"column":33}},"7":{"start":{"line":21,"column":8},"end":{"line":21,"column":28}},"8":{"start":{"line":25,"column":34},"end":{"line":39,"column":1}},"9":{"start":{"line":27,"column":4},"end":{"line":38,"column":5}},"10":{"start":{"line":27,"column":21},"end":{"line":27,"column":22}},"11":{"start":{"line":28,"column":22},"end":{"line":28,"column":37}},"12":{"start":{"line":30,"column":8},"end":{"line":37,"column":9}},"13":{"start":{"line":32,"column":12},"end":{"line":34,"column":13}},"14":{"start":{"line":33,"column":16},"end":{"line":33,"column":78}},"15":{"start":{"line":35,"column":12},"end":{"line":35,"column":26}},"16":{"start":{"line":36,"column":12},"end":{"line":36,"column":34}},"17":{"start":{"line":41,"column":30},"end":{"line":52,"column":1}},"18":{"start":{"line":43,"column":4},"end":{"line":51,"column":5}},"19":{"start":{"line":43,"column":21},"end":{"line":43,"column":22}},"20":{"start":{"line":44,"column":22},"end":{"line":44,"column":37}},"21":{"start":{"line":45,"column":8},"end":{"line":50,"column":9}},"22":{"start":{"line":46,"column":12},"end":{"line":48,"column":13}},"23":{"start":{"line":47,"column":16},"end":{"line":47,"column":38}},"24":{"start":{"line":49,"column":12},"end":{"line":49,"column":36}},"25":{"start":{"line":54,"column":29},"end":{"line":73,"column":1}},"26":{"start":{"line":56,"column":8},"end":{"line":56,"column":20}},"27":{"start":{"line":58,"column":8},"end":{"line":69,"column":9}},"28":{"start":{"line":58,"column":25},"end":{"line":58,"column":26}},"29":{"start":{"line":59,"column":26},"end":{"line":59,"column":41}},"30":{"start":{"line":60,"column":12},"end":{"line":68,"column":13}},"31":{"start":{"line":61,"column":16},"end":{"line":61,"column":56}},"32":{"start":{"line":62,"column":16},"end":{"line":62,"column":41}},"33":{"start":{"line":64,"column":16},"end":{"line":66,"column":17}},"34":{"start":{"line":65,"column":20},"end":{"line":65,"column":42}},"35":{"start":{"line":67,"column":16},"end":{"line":67,"column":61}},"36":{"start":{"line":70,"column":8},"end":{"line":70,"column":32}},"37":{"start":{"line":71,"column":8},"end":{"line":71,"column":34}},"38":{"start":{"line":75,"column":29},"end":{"line":102,"column":1}},"39":{"start":{"line":77,"column":4},"end":{"line":99,"column":5}},"40":{"start":{"line":77,"column":21},"end":{"line":77,"column":22}},"41":{"start":{"line":78,"column":22},"end":{"line":78,"column":37}},"42":{"start":{"line":79,"column":19},"end":{"line":79,"column":20}},"43":{"start":{"line":80,"column":8},"end":{"line":98,"column":9}},"44":{"start":{"line":81,"column":12},"end":{"line":96,"column":13}},"45":{"start":{"line":82,"column":33},"end":{"line":82,"column":60}},"46":{"start":{"line":83,"column":32},"end":{"line":83,"column":50}},"47":{"start":{"line":84,"column":16},"end":{"line":95,"column":31}},"48":{"start":{"line":85,"column":20},"end":{"line":87,"column":21}},"49":{"start":{"line":86,"column":35},"end":{"line":86,"column":42}},"50":{"start":{"line":88,"column":20},"end":{"line":88,"column":29}},"51":{"start":{"line":89,"column":20},"end":{"line":94,"column":21}},"52":{"start":{"line":90,"column":24},"end":{"line":90,"column":63}},"53":{"start":{"line":91,"column":24},"end":{"line":91,"column":37}},"54":{"start":{"line":92,"column":24},"end":{"line":92,"column":58}},"55":{"start":{"line":93,"column":24},"end":{"line":93,"column":66}},"56":{"start":{"line":95,"column":23},"end":{"line":95,"column":31}},"57":{"start":{"line":97,"column":12},"end":{"line":97,"column":34}},"58":{"start":{"line":100,"column":4},"end":{"line":100,"column":28}},"59":{"start":{"line":101,"column":4},"end":{"line":101,"column":27}},"60":{"start":{"line":104,"column":26},"end":{"line":130,"column":1}},"61":{"start":{"line":105,"column":4},"end":{"line":129,"column":5}},"62":{"start":{"line":106,"column":19},"end":{"line":106,"column":20}},"63":{"start":{"line":107,"column":19},"end":{"line":107,"column":23}},"64":{"start":{"line":109,"column":8},"end":{"line":120,"column":9}},"65":{"start":{"line":111,"column":29},"end":{"line":111,"column":53}},"66":{"start":{"line":112,"column":28},"end":{"line":112,"column":43}},"67":{"start":{"line":114,"column":12},"end":{"line":116,"column":13}},"68":{"start":{"line":115,"column":16},"end":{"line":115,"column":28}},"69":{"start":{"line":118,"column":12},"end":{"line":118,"column":28}},"70":{"start":{"line":119,"column":12},"end":{"line":119,"column":21}},"71":{"start":{"line":121,"column":19},"end":{"line":121,"column":23}},"72":{"start":{"line":124,"column":8},"end":{"line":127,"column":9}},"73":{"start":{"line":124,"column":25},"end":{"line":124,"column":26}},"74":{"start":{"line":125,"column":12},"end":{"line":125,"column":34}},"75":{"start":{"line":126,"column":12},"end":{"line":126,"column":28}},"76":{"start":{"line":128,"column":8},"end":{"line":128,"column":19}},"77":{"start":{"line":132,"column":27},"end":{"line":160,"column":1}},"78":{"start":{"line":133,"column":22},"end":{"line":133,"column":27}},"79":{"start":{"line":134,"column":4},"end":{"line":156,"column":5}},"80":{"start":{"line":135,"column":8},"end":{"line":135,"column":49}},"81":{"start":{"line":136,"column":8},"end":{"line":136,"column":37}},"82":{"start":{"line":137,"column":8},"end":{"line":137,"column":26}},"83":{"start":{"line":138,"column":11},"end":{"line":156,"column":5}},"84":{"start":{"line":139,"column":8},"end":{"line":139,"column":49}},"85":{"start":{"line":142,"column":8},"end":{"line":142,"column":31}},"86":{"start":{"line":143,"column":8},"end":{"line":143,"column":26}},"87":{"start":{"line":147,"column":8},"end":{"line":155,"column":9}},"88":{"start":{"line":148,"column":12},"end":{"line":148,"column":58}},"89":{"start":{"line":151,"column":12},"end":{"line":154,"column":13}},"90":{"start":{"line":152,"column":16},"end":{"line":152,"column":44}},"91":{"start":{"line":153,"column":16},"end":{"line":153,"column":44}},"92":{"start":{"line":157,"column":4},"end":{"line":157,"column":32}},"93":{"start":{"line":158,"column":4},"end":{"line":158,"column":28}},"94":{"start":{"line":159,"column":4},"end":{"line":159,"column":22}},"95":{"start":{"line":162,"column":23},"end":{"line":177,"column":1}},"96":{"start":{"line":163,"column":4},"end":{"line":176,"column":5}},"97":{"start":{"line":163,"column":21},"end":{"line":163,"column":22}},"98":{"start":{"line":164,"column":22},"end":{"line":164,"column":37}},"99":{"start":{"line":166,"column":8},"end":{"line":168,"column":9}},"100":{"start":{"line":167,"column":12},"end":{"line":167,"column":23}},"101":{"start":{"line":170,"column":8},"end":{"line":175,"column":9}},"102":{"start":{"line":171,"column":12},"end":{"line":173,"column":13}},"103":{"start":{"line":172,"column":17},"end":{"line":172,"column":40}},"104":{"start":{"line":174,"column":12},"end":{"line":174,"column":34}},"105":{"start":{"line":179,"column":29},"end":{"line":198,"column":1}},"106":{"start":{"line":181,"column":4},"end":{"line":197,"column":5}},"107":{"start":{"line":181,"column":21},"end":{"line":181,"column":22}},"108":{"start":{"line":182,"column":22},"end":{"line":182,"column":37}},"109":{"start":{"line":183,"column":8},"end":{"line":196,"column":9}},"110":{"start":{"line":185,"column":12},"end":{"line":195,"column":13}},"111":{"start":{"line":187,"column":16},"end":{"line":187,"column":51}},"112":{"start":{"line":190,"column":16},"end":{"line":192,"column":17}},"113":{"start":{"line":191,"column":20},"end":{"line":191,"column":42}},"114":{"start":{"line":193,"column":16},"end":{"line":193,"column":51}},"115":{"start":{"line":194,"column":16},"end":{"line":194,"column":48}},"116":{"start":{"line":200,"column":23},"end":{"line":221,"column":1}},"117":{"start":{"line":202,"column":4},"end":{"line":219,"column":5}},"118":{"start":{"line":202,"column":21},"end":{"line":202,"column":22}},"119":{"start":{"line":203,"column":22},"end":{"line":203,"column":37}},"120":{"start":{"line":204,"column":8},"end":{"line":218,"column":9}},"121":{"start":{"line":206,"column":29},"end":{"line":206,"column":55}},"122":{"start":{"line":207,"column":28},"end":{"line":207,"column":46}},"123":{"start":{"line":209,"column":12},"end":{"line":216,"column":13}},"124":{"start":{"line":210,"column":16},"end":{"line":210,"column":57}},"125":{"start":{"line":211,"column":16},"end":{"line":211,"column":42}},"126":{"start":{"line":212,"column":16},"end":{"line":212,"column":44}},"127":{"start":{"line":213,"column":16},"end":{"line":213,"column":40}},"128":{"start":{"line":215,"column":16},"end":{"line":215,"column":27}},"129":{"start":{"line":217,"column":12},"end":{"line":217,"column":34}},"130":{"start":{"line":220,"column":4},"end":{"line":220,"column":16}},"131":{"start":{"line":223,"column":32},"end":{"line":239,"column":1}},"132":{"start":{"line":225,"column":23},"end":{"line":225,"column":25}},"133":{"start":{"line":226,"column":4},"end":{"line":236,"column":5}},"134":{"start":{"line":226,"column":21},"end":{"line":226,"column":22}},"135":{"start":{"line":227,"column":22},"end":{"line":227,"column":37}},"136":{"start":{"line":229,"column":8},"end":{"line":231,"column":9}},"137":{"start":{"line":230,"column":12},"end":{"line":230,"column":34}},"138":{"start":{"line":234,"column":8},"end":{"line":234,"column":86}},"139":{"start":{"line":235,"column":8},"end":{"line":235,"column":45}},"140":{"start":{"line":238,"column":4},"end":{"line":238,"column":23}},"141":{"start":{"line":241,"column":31},"end":{"line":286,"column":1}},"142":{"start":{"line":243,"column":4},"end":{"line":284,"column":5}},"143":{"start":{"line":243,"column":21},"end":{"line":243,"column":22}},"144":{"start":{"line":244,"column":22},"end":{"line":244,"column":37}},"145":{"start":{"line":246,"column":8},"end":{"line":248,"column":9}},"146":{"start":{"line":247,"column":12},"end":{"line":247,"column":20}},"147":{"start":{"line":251,"column":8},"end":{"line":253,"column":9}},"148":{"start":{"line":252,"column":12},"end":{"line":252,"column":34}},"149":{"start":{"line":255,"column":8},"end":{"line":283,"column":9}},"150":{"start":{"line":255,"column":26},"end":{"line":255,"column":27}},"151":{"start":{"line":256,"column":27},"end":{"line":256,"column":43}},"152":{"start":{"line":258,"column":12},"end":{"line":260,"column":13}},"153":{"start":{"line":259,"column":16},"end":{"line":259,"column":24}},"154":{"start":{"line":263,"column":12},"end":{"line":265,"column":13}},"155":{"start":{"line":264,"column":16},"end":{"line":264,"column":40}},"156":{"start":{"line":268,"column":29},"end":{"line":268,"column":52}},"157":{"start":{"line":269,"column":28},"end":{"line":269,"column":46}},"158":{"start":{"line":272,"column":12},"end":{"line":282,"column":13}},"159":{"start":{"line":273,"column":16},"end":{"line":273,"column":41}},"160":{"start":{"line":274,"column":16},"end":{"line":274,"column":42}},"161":{"start":{"line":276,"column":16},"end":{"line":279,"column":25}},"162":{"start":{"line":277,"column":20},"end":{"line":277,"column":46}},"163":{"start":{"line":278,"column":20},"end":{"line":278,"column":47}},"164":{"start":{"line":281,"column":16},"end":{"line":281,"column":27}},"165":{"start":{"line":285,"column":4},"end":{"line":285,"column":16}}},"fnMap":{"0":{"name":"(anonymous_0)","decl":{"start":{"line":6,"column":28},"end":{"line":6,"column":29}},"loc":{"start":{"line":6,"column":41},"end":{"line":15,"column":1}},"line":6},"1":{"name":"(anonymous_1)","decl":{"start":{"line":9,"column":8},"end":{"line":9,"column":9}},"loc":{"start":{"line":9,"column":25},"end":{"line":12,"column":9}},"line":9},"2":{"name":"(anonymous_2)","decl":{"start":{"line":17,"column":31},"end":{"line":17,"column":32}},"loc":{"start":{"line":17,"column":43},"end":{"line":23,"column":1}},"line":17},"3":{"name":"(anonymous_3)","decl":{"start":{"line":25,"column":34},"end":{"line":25,"column":35}},"loc":{"start":{"line":25,"column":56},"end":{"line":39,"column":1}},"line":25},"4":{"name":"(anonymous_4)","decl":{"start":{"line":41,"column":30},"end":{"line":41,"column":31}},"loc":{"start":{"line":41,"column":44},"end":{"line":52,"column":1}},"line":41},"5":{"name":"(anonymous_5)","decl":{"start":{"line":54,"column":29},"end":{"line":54,"column":30}},"loc":{"start":{"line":54,"column":62},"end":{"line":73,"column":1}},"line":54},"6":{"name":"(anonymous_6)","decl":{"start":{"line":75,"column":29},"end":{"line":75,"column":30}},"loc":{"start":{"line":75,"column":59},"end":{"line":102,"column":1}},"line":75},"7":{"name":"(anonymous_7)","decl":{"start":{"line":104,"column":26},"end":{"line":104,"column":27}},"loc":{"start":{"line":104,"column":36},"end":{"line":130,"column":1}},"line":104},"8":{"name":"(anonymous_8)","decl":{"start":{"line":132,"column":27},"end":{"line":132,"column":28}},"loc":{"start":{"line":132,"column":67},"end":{"line":160,"column":1}},"line":132},"9":{"name":"(anonymous_9)","decl":{"start":{"line":162,"column":23},"end":{"line":162,"column":24}},"loc":{"start":{"line":162,"column":43},"end":{"line":177,"column":1}},"line":162},"10":{"name":"(anonymous_10)","decl":{"start":{"line":179,"column":29},"end":{"line":179,"column":30}},"loc":{"start":{"line":179,"column":54},"end":{"line":198,"column":1}},"line":179},"11":{"name":"(anonymous_11)","decl":{"start":{"line":200,"column":23},"end":{"line":200,"column":24}},"loc":{"start":{"line":200,"column":50},"end":{"line":221,"column":1}},"line":200},"12":{"name":"(anonymous_12)","decl":{"start":{"line":223,"column":32},"end":{"line":223,"column":33}},"loc":{"start":{"line":223,"column":46},"end":{"line":239,"column":1}},"line":223},"13":{"name":"(anonymous_13)","decl":{"start":{"line":241,"column":31},"end":{"line":241,"column":32}},"loc":{"start":{"line":241,"column":45},"end":{"line":286,"column":1}},"line":241},"14":{"name":"(anonymous_14)","decl":{"start":{"line":276,"column":29},"end":{"line":276,"column":30}},"loc":{"start":{"line":276,"column":40},"end":{"line":279,"column":17}},"line":276}},"branchMap":{"0":{"loc":{"start":{"line":32,"column":12},"end":{"line":34,"column":13}},"type":"if","locations":[{"start":{"line":32,"column":12},"end":{"line":34,"column":13}},{"start":{"line":32,"column":12},"end":{"line":34,"column":13}}],"line":32},"1":{"loc":{"start":{"line":33,"column":16},"end":{"line":33,"column":78}},"type":"cond-expr","locations":[{"start":{"line":33,"column":37},"end":{"line":33,"column":59}},{"start":{"line":33,"column":62},"end":{"line":33,"column":78}}],"line":33},"2":{"loc":{"start":{"line":45,"column":8},"end":{"line":50,"column":9}},"type":"if","locations":[{"start":{"line":45,"column":8},"end":{"line":50,"column":9}},{"start":{"line":45,"column":8},"end":{"line":50,"column":9}}],"line":45},"3":{"loc":{"start":{"line":60,"column":12},"end":{"line":68,"column":13}},"type":"if","locations":[{"start":{"line":60,"column":12},"end":{"line":68,"column":13}},{"start":{"line":60,"column":12},"end":{"line":68,"column":13}}],"line":60},"4":{"loc":{"start":{"line":80,"column":15},"end":{"line":80,"column":56}},"type":"binary-expr","locations":[{"start":{"line":80,"column":15},"end":{"line":80,"column":31}},{"start":{"line":80,"column":35},"end":{"line":80,"column":56}}],"line":80},"5":{"loc":{"start":{"line":81,"column":12},"end":{"line":96,"column":13}},"type":"if","locations":[{"start":{"line":81,"column":12},"end":{"line":96,"column":13}},{"start":{"line":81,"column":12},"end":{"line":96,"column":13}}],"line":81},"6":{"loc":{"start":{"line":84,"column":16},"end":{"line":95,"column":31}},"type":"if","locations":[{"start":{"line":84,"column":16},"end":{"line":95,"column":31}},{"start":{"line":84,"column":16},"end":{"line":95,"column":31}}],"line":84},"7":{"loc":{"start":{"line":85,"column":20},"end":{"line":87,"column":21}},"type":"if","locations":[{"start":{"line":85,"column":20},"end":{"line":87,"column":21}},{"start":{"line":85,"column":20},"end":{"line":87,"column":21}}],"line":85},"8":{"loc":{"start":{"line":89,"column":20},"end":{"line":94,"column":21}},"type":"if","locations":[{"start":{"line":89,"column":20},"end":{"line":94,"column":21}},{"start":{"line":89,"column":20},"end":{"line":94,"column":21}}],"line":89},"9":{"loc":{"start":{"line":90,"column":24},"end":{"line":90,"column":63}},"type":"binary-expr","locations":[{"start":{"line":90,"column":24},"end":{"line":90,"column":28}},{"start":{"line":90,"column":32},"end":{"line":90,"column":63}}],"line":90},"10":{"loc":{"start":{"line":93,"column":24},"end":{"line":93,"column":66}},"type":"binary-expr","locations":[{"start":{"line":93,"column":24},"end":{"line":93,"column":28}},{"start":{"line":93,"column":32},"end":{"line":93,"column":66}}],"line":93},"11":{"loc":{"start":{"line":105,"column":4},"end":{"line":129,"column":5}},"type":"if","locations":[{"start":{"line":105,"column":4},"end":{"line":129,"column":5}},{"start":{"line":105,"column":4},"end":{"line":129,"column":5}}],"line":105},"12":{"loc":{"start":{"line":114,"column":12},"end":{"line":116,"column":13}},"type":"if","locations":[{"start":{"line":114,"column":12},"end":{"line":116,"column":13}},{"start":{"line":114,"column":12},"end":{"line":116,"column":13}}],"line":114},"13":{"loc":{"start":{"line":114,"column":16},"end":{"line":114,"column":67}},"type":"binary-expr","locations":[{"start":{"line":114,"column":16},"end":{"line":114,"column":40}},{"start":{"line":114,"column":44},"end":{"line":114,"column":67}}],"line":114},"14":{"loc":{"start":{"line":134,"column":4},"end":{"line":156,"column":5}},"type":"if","locations":[{"start":{"line":134,"column":4},"end":{"line":156,"column":5}},{"start":{"line":134,"column":4},"end":{"line":156,"column":5}}],"line":134},"15":{"loc":{"start":{"line":134,"column":8},"end":{"line":134,"column":53}},"type":"binary-expr","locations":[{"start":{"line":134,"column":8},"end":{"line":134,"column":21}},{"start":{"line":134,"column":25},"end":{"line":134,"column":53}}],"line":134},"16":{"loc":{"start":{"line":138,"column":11},"end":{"line":156,"column":5}},"type":"if","locations":[{"start":{"line":138,"column":11},"end":{"line":156,"column":5}},{"start":{"line":138,"column":11},"end":{"line":156,"column":5}}],"line":138},"17":{"loc":{"start":{"line":138,"column":15},"end":{"line":138,"column":78}},"type":"binary-expr","locations":[{"start":{"line":138,"column":15},"end":{"line":138,"column":28}},{"start":{"line":138,"column":32},"end":{"line":138,"column":78}}],"line":138},"18":{"loc":{"start":{"line":147,"column":8},"end":{"line":155,"column":9}},"type":"if","locations":[{"start":{"line":147,"column":8},"end":{"line":155,"column":9}},{"start":{"line":147,"column":8},"end":{"line":155,"column":9}}],"line":147},"19":{"loc":{"start":{"line":151,"column":12},"end":{"line":154,"column":13}},"type":"if","locations":[{"start":{"line":151,"column":12},"end":{"line":154,"column":13}},{"start":{"line":151,"column":12},"end":{"line":154,"column":13}}],"line":151},"20":{"loc":{"start":{"line":166,"column":8},"end":{"line":168,"column":9}},"type":"if","locations":[{"start":{"line":166,"column":8},"end":{"line":168,"column":9}},{"start":{"line":166,"column":8},"end":{"line":168,"column":9}}],"line":166},"21":{"loc":{"start":{"line":171,"column":12},"end":{"line":173,"column":13}},"type":"if","locations":[{"start":{"line":171,"column":12},"end":{"line":173,"column":13}},{"start":{"line":171,"column":12},"end":{"line":173,"column":13}}],"line":171},"22":{"loc":{"start":{"line":183,"column":8},"end":{"line":196,"column":9}},"type":"if","locations":[{"start":{"line":183,"column":8},"end":{"line":196,"column":9}},{"start":{"line":183,"column":8},"end":{"line":196,"column":9}}],"line":183},"23":{"loc":{"start":{"line":185,"column":12},"end":{"line":195,"column":13}},"type":"if","locations":[{"start":{"line":185,"column":12},"end":{"line":195,"column":13}},{"start":{"line":185,"column":12},"end":{"line":195,"column":13}}],"line":185},"24":{"loc":{"start":{"line":209,"column":12},"end":{"line":216,"column":13}},"type":"if","locations":[{"start":{"line":209,"column":12},"end":{"line":216,"column":13}},{"start":{"line":209,"column":12},"end":{"line":216,"column":13}}],"line":209},"25":{"loc":{"start":{"line":209,"column":16},"end":{"line":209,"column":98}},"type":"binary-expr","locations":[{"start":{"line":209,"column":16},"end":{"line":209,"column":44}},{"start":{"line":209,"column":48},"end":{"line":209,"column":73}},{"start":{"line":209,"column":77},"end":{"line":209,"column":98}}],"line":209},"26":{"loc":{"start":{"line":246,"column":8},"end":{"line":248,"column":9}},"type":"if","locations":[{"start":{"line":246,"column":8},"end":{"line":248,"column":9}},{"start":{"line":246,"column":8},"end":{"line":248,"column":9}}],"line":246},"27":{"loc":{"start":{"line":258,"column":12},"end":{"line":260,"column":13}},"type":"if","locations":[{"start":{"line":258,"column":12},"end":{"line":260,"column":13}},{"start":{"line":258,"column":12},"end":{"line":260,"column":13}}],"line":258},"28":{"loc":{"start":{"line":272,"column":12},"end":{"line":282,"column":13}},"type":"if","locations":[{"start":{"line":272,"column":12},"end":{"line":282,"column":13}},{"start":{"line":272,"column":12},"end":{"line":282,"column":13}}],"line":272}},"s":{"0":1,"1":9,"2":9,"3":9,"4":1,"5":3,"6":5,"7":5,"8":1,"9":9,"10":9,"11":20,"12":20,"13":87,"14":7,"15":87,"16":87,"17":1,"18":9,"19":9,"20":20,"21":20,"22":17,"23":45,"24":17,"25":1,"26":3,"27":3,"28":3,"29":9,"30":9,"31":0,"32":0,"33":9,"34":18,"35":9,"36":3,"37":3,"38":1,"39":3,"40":3,"41":3,"42":3,"43":3,"44":36,"45":36,"46":36,"47":36,"48":36,"49":3,"50":36,"51":36,"52":3,"53":3,"54":3,"55":3,"56":0,"57":36,"58":3,"59":3,"60":1,"61":2,"62":2,"63":2,"64":2,"65":2,"66":2,"67":2,"68":1,"69":1,"70":1,"71":1,"72":1,"73":1,"74":2,"75":2,"76":1,"77":1,"78":1,"79":1,"80":0,"81":0,"82":0,"83":1,"84":1,"85":1,"86":1,"87":0,"88":0,"89":0,"90":0,"91":0,"92":1,"93":1,"94":1,"95":1,"96":2,"97":2,"98":4,"99":4,"100":0,"101":4,"102":6,"103":2,"104":4,"105":1,"106":0,"107":0,"108":0,"109":0,"110":0,"111":0,"112":0,"113":0,"114":0,"115":0,"116":1,"117":1,"118":1,"119":1,"120":1,"121":3,"122":3,"123":3,"124":1,"125":1,"126":1,"127":1,"128":1,"129":2,"130":0,"131":1,"132":1,"133":1,"134":1,"135":3,"136":3,"137":6,"138":3,"139":3,"140":1,"141":1,"142":1,"143":1,"144":2,"145":2,"146":0,"147":2,"148":4,"149":2,"150":2,"151":4,"152":4,"153":0,"154":4,"155":8,"156":4,"157":4,"158":4,"159":1,"160":1,"161":1,"162":0,"163":0,"164":1,"165":0},"f":{"0":9,"1":9,"2":3,"3":9,"4":9,"5":3,"6":3,"7":2,"8":1,"9":2,"10":0,"11":1,"12":1,"13":1,"14":0},"b":{"0":[7,80],"1":[4,3],"2":[17,3],"3":[0,9],"4":[39,39],"5":[36,0],"6":[36,0],"7":[3,33],"8":[3,33],"9":[3,0],"10":[3,0],"11":[2,0],"12":[1,1],"13":[2,1],"14":[0,1],"15":[1,0],"16":[1,0],"17":[1,1],"18":[0,0],"19":[0,0],"20":[0,4],"21":[2,4],"22":[0,0],"23":[0,0],"24":[1,2],"25":[3,1,1],"26":[0,2],"27":[0,4],"28":[1,3]},"_coverageSchema":"1a1c01bbd47fc00a2c39e90264f33305004495a9","hash":"3ba9f86ba90d84a629483187b2e6af334790679b"}
,"C:\\Users\\omerr\\Desktop\\Trendyol_Bootcamp\\final-project-solitaire\\src\\logic\\linkedlist.js": {"path":"C:\\Users\\omerr\\Desktop\\Trendyol_Bootcamp\\final-project-solitaire\\src\\logic\\linkedlist.js","statementMap":{"0":{"start":{"line":4,"column":8},"end":{"line":4,"column":23}},"1":{"start":{"line":5,"column":8},"end":{"line":5,"column":25}},"2":{"start":{"line":12,"column":4},"end":{"line":20,"column":5}},"3":{"start":{"line":12,"column":21},"end":{"line":12,"column":36}},"4":{"start":{"line":13,"column":8},"end":{"line":19,"column":9}},"5":{"start":{"line":14,"column":12},"end":{"line":14,"column":41}},"6":{"start":{"line":16,"column":12},"end":{"line":16,"column":41}},"7":{"start":{"line":17,"column":12},"end":{"line":17,"column":29}},"8":{"start":{"line":18,"column":12},"end":{"line":18,"column":24}},"9":{"start":{"line":21,"column":4},"end":{"line":21,"column":16}},"10":{"start":{"line":24,"column":19},"end":{"line":34,"column":1}},"11":{"start":{"line":26,"column":17},"end":{"line":26,"column":19}},"12":{"start":{"line":28,"column":0},"end":{"line":31,"column":1}},"13":{"start":{"line":28,"column":17},"end":{"line":28,"column":18}},"14":{"start":{"line":29,"column":20},"end":{"line":29,"column":32}},"15":{"start":{"line":30,"column":4},"end":{"line":30,"column":53}},"16":{"start":{"line":33,"column":0},"end":{"line":33,"column":17}}},"fnMap":{"0":{"name":"(anonymous_0)","decl":{"start":{"line":3,"column":4},"end":{"line":3,"column":5}},"loc":{"start":{"line":3,"column":21},"end":{"line":6,"column":5}},"line":3},"1":{"name":"createLink","decl":{"start":{"line":10,"column":9},"end":{"line":10,"column":19}},"loc":{"start":{"line":10,"column":25},"end":{"line":22,"column":1}},"line":10},"2":{"name":"(anonymous_2)","decl":{"start":{"line":24,"column":19},"end":{"line":24,"column":20}},"loc":{"start":{"line":24,"column":30},"end":{"line":34,"column":1}},"line":24}},"branchMap":{"0":{"loc":{"start":{"line":13,"column":8},"end":{"line":19,"column":9}},"type":"if","locations":[{"start":{"line":13,"column":8},"end":{"line":19,"column":9}},{"start":{"line":13,"column":8},"end":{"line":19,"column":9}}],"line":13}},"s":{"0":57,"1":57,"2":11,"3":11,"4":57,"5":11,"6":46,"7":46,"8":46,"9":11,"10":3,"11":2,"12":2,"13":2,"14":11,"15":11,"16":2},"f":{"0":57,"1":11,"2":2},"b":{"0":[11,46]},"_coverageSchema":"1a1c01bbd47fc00a2c39e90264f33305004495a9","hash":"c8550a662a459f4a7edcd2f428c66be826a0d7b0"}
}
