TN:
SF:styleMock.js
FNF:0
FNH:0
DA:1,1
LF:1
LH:1
BRF:0
BRH:0
end_of_record
TN:
SF:src\JunkData.js
FN:1,(anonymous_0)
FNF:1
FNH:1
FNDA:129,(anonymous_0)
DA:1,2
DA:3,129
DA:13,129
DA:30,129
DA:56,129
DA:82,129
DA:108,129
DA:134,129
DA:154,129
DA:260,129
LF:10
LH:10
BRF:0
BRH:0
end_of_record
TN:
SF:src\logic\CardGenerator.js
FN:4,(anonymous_0)
FN:12,(anonymous_1)
FN:17,(anonymous_2)
FN:24,(anonymous_3)
FN:32,(anonymous_4)
FN:46,(anonymous_5)
FN:47,(anonymous_6)
FN:50,(anonymous_7)
FN:60,(anonymous_8)
FNF:9
FNH:8
FNDA:315,(anonymous_0)
FNDA:3,(anonymous_1)
FNDA:312,(anonymous_2)
FNDA:1,(anonymous_3)
FNDA:2,(anonymous_4)
FNDA:1,(anonymous_5)
FNDA:104,(anonymous_6)
FNDA:1,(anonymous_7)
FNDA:0,(anonymous_8)
DA:5,315
DA:6,315
DA:7,315
DA:8,315
DA:12,2
DA:13,3
DA:15,3
DA:16,3
DA:17,24
DA:18,312
DA:21,3
DA:24,2
DA:25,1
DA:26,4
DA:27,4
DA:29,1
DA:32,2
DA:33,2
DA:34,2
DA:35,2
DA:36,20
DA:37,8
DA:39,12
DA:40,12
DA:43,2
DA:46,2
DA:47,104
DA:50,2
DA:51,1
DA:52,10
DA:53,10
DA:54,44
DA:56,10
DA:60,2
DA:63,0
DA:66,0
DA:69,0
DA:72,0
DA:75,0
DA:76,0
DA:79,0
DA:81,0
LF:42
LH:34
BRDA:36,0,0,8
BRDA:36,0,1,12
BRF:2
BRH:2
end_of_record
TN:
SF:src\logic\Gameplay.js
FN:6,(anonymous_0)
FN:9,(anonymous_1)
FN:17,(anonymous_2)
FN:25,(anonymous_3)
FN:41,(anonymous_4)
FN:54,(anonymous_5)
FN:65,(anonymous_6)
FN:87,(anonymous_7)
FN:116,(anonymous_8)
FN:144,(anonymous_9)
FN:174,(anonymous_10)
FN:191,(anonymous_11)
FN:212,(anonymous_12)
FN:235,(anonymous_13)
FN:253,(anonymous_14)
FN:289,(anonymous_15)
FNF:16
FNH:14
FNDA:9,(anonymous_0)
FNDA:9,(anonymous_1)
FNDA:3,(anonymous_2)
FNDA:9,(anonymous_3)
FNDA:9,(anonymous_4)
FNDA:1,(anonymous_5)
FNDA:3,(anonymous_6)
FNDA:3,(anonymous_7)
FNDA:2,(anonymous_8)
FNDA:1,(anonymous_9)
FNDA:2,(anonymous_10)
FNDA:0,(anonymous_11)
FNDA:1,(anonymous_12)
FNDA:1,(anonymous_13)
FNDA:1,(anonymous_14)
FNDA:0,(anonymous_15)
DA:6,1
DA:10,9
DA:11,9
DA:14,9
DA:17,1
DA:19,3
DA:20,5
DA:21,5
DA:25,1
DA:27,9
DA:28,20
DA:30,20
DA:32,87
DA:33,7
DA:35,87
DA:36,87
DA:41,1
DA:43,9
DA:44,20
DA:45,20
DA:46,17
DA:47,45
DA:49,17
DA:54,1
DA:55,1
DA:56,3
DA:58,3
DA:59,0
DA:62,1
DA:65,1
DA:68,3
DA:70,3
DA:71,9
DA:72,9
DA:73,0
DA:74,0
DA:76,9
DA:77,18
DA:79,9
DA:82,3
DA:83,3
DA:87,1
DA:89,3
DA:90,3
DA:91,3
DA:92,3
DA:93,36
DA:94,36
DA:95,36
DA:96,36
DA:97,36
DA:98,3
DA:100,36
DA:101,36
DA:102,3
DA:103,3
DA:104,3
DA:105,3
DA:107,0
DA:109,36
DA:112,3
DA:113,3
DA:116,1
DA:117,2
DA:118,2
DA:119,2
DA:121,2
DA:123,2
DA:124,2
DA:126,2
DA:127,1
DA:130,1
DA:131,1
DA:133,1
DA:136,1
DA:137,2
DA:138,2
DA:140,1
DA:144,1
DA:145,1
DA:146,1
DA:147,0
DA:148,0
DA:149,0
DA:150,1
DA:151,1
DA:154,1
DA:155,1
DA:159,0
DA:160,0
DA:163,0
DA:164,0
DA:165,0
DA:169,1
DA:170,1
DA:171,1
DA:174,1
DA:175,2
DA:176,4
DA:178,4
DA:179,0
DA:182,4
DA:183,6
DA:184,2
DA:186,4
DA:191,1
DA:193,0
DA:194,0
DA:195,0
DA:197,0
DA:199,0
DA:202,0
DA:203,0
DA:205,0
DA:206,0
DA:212,1
DA:214,1
DA:215,1
DA:216,1
DA:218,3
DA:219,3
DA:221,3
DA:222,1
DA:223,1
DA:224,1
DA:225,1
DA:227,1
DA:229,2
DA:232,0
DA:235,1
DA:237,1
DA:238,1
DA:239,3
DA:241,3
DA:242,6
DA:246,3
DA:247,3
DA:250,1
DA:253,1
DA:255,1
DA:256,2
DA:258,2
DA:259,0
DA:263,2
DA:264,4
DA:267,2
DA:268,4
DA:270,4
DA:271,0
DA:273,4
DA:275,4
DA:276,8
DA:277,8
DA:281,4
DA:282,4
DA:285,4
DA:286,1
DA:287,1
DA:289,1
DA:290,0
DA:291,0
DA:294,1
DA:298,0
LF:163
LH:135
BRDA:32,0,0,7
BRDA:32,0,1,80
BRDA:33,1,0,4
BRDA:33,1,1,3
BRDA:45,2,0,17
BRDA:45,2,1,3
BRDA:58,3,0,0
BRDA:58,3,1,3
BRDA:72,4,0,0
BRDA:72,4,1,9
BRDA:92,5,0,39
BRDA:92,5,1,39
BRDA:93,6,0,36
BRDA:93,6,1,0
BRDA:96,7,0,36
BRDA:96,7,1,0
BRDA:97,8,0,3
BRDA:97,8,1,33
BRDA:101,9,0,3
BRDA:101,9,1,33
BRDA:102,10,0,3
BRDA:102,10,1,0
BRDA:105,11,0,3
BRDA:105,11,1,0
BRDA:117,12,0,2
BRDA:117,12,1,0
BRDA:126,13,0,1
BRDA:126,13,1,1
BRDA:126,14,0,2
BRDA:126,14,1,1
BRDA:146,15,0,0
BRDA:146,15,1,1
BRDA:150,16,0,1
BRDA:150,16,1,0
BRDA:150,17,0,1
BRDA:150,17,1,1
BRDA:159,18,0,0
BRDA:159,18,1,0
BRDA:163,19,0,0
BRDA:163,19,1,0
BRDA:178,20,0,0
BRDA:178,20,1,4
BRDA:183,21,0,2
BRDA:183,21,1,4
BRDA:195,22,0,0
BRDA:195,22,1,0
BRDA:197,23,0,0
BRDA:197,23,1,0
BRDA:221,24,0,1
BRDA:221,24,1,2
BRDA:221,25,0,3
BRDA:221,25,1,1
BRDA:221,25,2,1
BRDA:258,26,0,0
BRDA:258,26,1,2
BRDA:270,27,0,0
BRDA:270,27,1,4
BRDA:285,28,0,1
BRDA:285,28,1,3
BRDA:285,29,0,4
BRDA:285,29,1,1
BRF:61
BRH:41
end_of_record
TN:
SF:src\logic\linkedlist.js
FN:3,(anonymous_0)
FN:10,createLink
FN:24,(anonymous_2)
FNF:3
FNH:3
FNDA:57,(anonymous_0)
FNDA:11,createLink
FNDA:2,(anonymous_2)
DA:4,57
DA:5,57
DA:12,11
DA:13,57
DA:14,11
DA:16,46
DA:17,46
DA:18,46
DA:21,11
DA:24,3
DA:26,2
DA:28,2
DA:29,11
DA:30,11
DA:33,2
LF:15
LH:15
BRDA:13,0,0,11
BRDA:13,0,1,46
BRF:2
BRH:2
end_of_record
