TN:
SF:styleMock.js
FNF:0
FNH:0
DA:1,1
LF:1
LH:1
BRF:0
BRH:0
end_of_record
TN:
SF:src\JunkData.js
FN:1,(anonymous_0)
FNF:1
FNH:1
FNDA:122,(anonymous_0)
DA:1,2
DA:3,122
DA:13,122
DA:30,122
DA:56,122
DA:82,122
DA:108,122
DA:134,122
DA:154,122
DA:260,122
LF:10
LH:10
BRF:0
BRH:0
end_of_record
TN:
SF:src\logic\CardGenerator.js
FN:4,(anonymous_0)
FN:12,(anonymous_1)
FN:17,(anonymous_2)
FN:24,(anonymous_3)
FN:32,(anonymous_4)
FN:46,(anonymous_5)
FN:47,(anonymous_6)
FN:50,(anonymous_7)
FN:60,(anonymous_8)
FNF:9
FNH:8
FNDA:315,(anonymous_0)
FNDA:3,(anonymous_1)
FNDA:312,(anonymous_2)
FNDA:1,(anonymous_3)
FNDA:2,(anonymous_4)
FNDA:1,(anonymous_5)
FNDA:104,(anonymous_6)
FNDA:1,(anonymous_7)
FNDA:0,(anonymous_8)
DA:5,315
DA:6,315
DA:7,315
DA:8,315
DA:12,2
DA:13,3
DA:15,3
DA:16,3
DA:17,24
DA:18,312
DA:21,3
DA:24,2
DA:25,1
DA:26,4
DA:27,4
DA:29,1
DA:32,2
DA:33,2
DA:34,2
DA:35,2
DA:36,20
DA:37,8
DA:39,12
DA:40,12
DA:43,2
DA:46,2
DA:47,104
DA:50,2
DA:51,1
DA:52,10
DA:53,10
DA:54,44
DA:56,10
DA:60,2
DA:63,0
DA:66,0
DA:69,0
DA:72,0
DA:75,0
DA:76,0
DA:79,0
DA:81,0
LF:42
LH:34
BRDA:36,0,0,8
BRDA:36,0,1,12
BRF:2
BRH:2
end_of_record
TN:
SF:src\logic\Gameplay.js
FN:6,(anonymous_0)
FN:9,(anonymous_1)
FN:17,(anonymous_2)
FN:25,(anonymous_3)
FN:41,(anonymous_4)
FN:54,(anonymous_5)
FN:75,(anonymous_6)
FN:104,(anonymous_7)
FN:132,(anonymous_8)
FN:162,(anonymous_9)
FN:179,(anonymous_10)
FN:200,(anonymous_11)
FN:223,(anonymous_12)
FN:241,(anonymous_13)
FN:276,(anonymous_14)
FNF:15
FNH:13
FNDA:9,(anonymous_0)
FNDA:9,(anonymous_1)
FNDA:3,(anonymous_2)
FNDA:9,(anonymous_3)
FNDA:9,(anonymous_4)
FNDA:3,(anonymous_5)
FNDA:3,(anonymous_6)
FNDA:2,(anonymous_7)
FNDA:1,(anonymous_8)
FNDA:2,(anonymous_9)
FNDA:0,(anonymous_10)
FNDA:1,(anonymous_11)
FNDA:1,(anonymous_12)
FNDA:1,(anonymous_13)
FNDA:0,(anonymous_14)
DA:6,1
DA:10,9
DA:11,9
DA:14,9
DA:17,1
DA:19,3
DA:20,5
DA:21,5
DA:25,1
DA:27,9
DA:28,20
DA:30,20
DA:32,87
DA:33,7
DA:35,87
DA:36,87
DA:41,1
DA:43,9
DA:44,20
DA:45,20
DA:46,17
DA:47,45
DA:49,17
DA:54,1
DA:56,3
DA:58,3
DA:59,9
DA:60,9
DA:61,0
DA:62,0
DA:64,9
DA:65,18
DA:67,9
DA:70,3
DA:71,3
DA:75,1
DA:77,3
DA:78,3
DA:79,3
DA:80,3
DA:81,36
DA:82,36
DA:83,36
DA:84,36
DA:85,36
DA:86,3
DA:88,36
DA:89,36
DA:90,3
DA:91,3
DA:92,3
DA:93,3
DA:95,0
DA:97,36
DA:100,3
DA:101,3
DA:104,1
DA:105,2
DA:106,2
DA:107,2
DA:109,2
DA:111,2
DA:112,2
DA:114,2
DA:115,1
DA:118,1
DA:119,1
DA:121,1
DA:124,1
DA:125,2
DA:126,2
DA:128,1
DA:132,1
DA:133,1
DA:134,1
DA:135,0
DA:136,0
DA:137,0
DA:138,1
DA:139,1
DA:142,1
DA:143,1
DA:147,0
DA:148,0
DA:151,0
DA:152,0
DA:153,0
DA:157,1
DA:158,1
DA:159,1
DA:162,1
DA:163,2
DA:164,4
DA:166,4
DA:167,0
DA:170,4
DA:171,6
DA:172,2
DA:174,4
DA:179,1
DA:181,0
DA:182,0
DA:183,0
DA:185,0
DA:187,0
DA:190,0
DA:191,0
DA:193,0
DA:194,0
DA:200,1
DA:202,1
DA:203,1
DA:204,1
DA:206,3
DA:207,3
DA:209,3
DA:210,1
DA:211,1
DA:212,1
DA:213,1
DA:215,1
DA:217,2
DA:220,0
DA:223,1
DA:225,1
DA:226,1
DA:227,3
DA:229,3
DA:230,6
DA:234,3
DA:235,3
DA:238,1
DA:241,1
DA:243,1
DA:244,2
DA:246,2
DA:247,0
DA:251,2
DA:252,4
DA:255,2
DA:256,4
DA:258,4
DA:259,0
DA:263,4
DA:264,8
DA:268,4
DA:269,4
DA:272,4
DA:273,1
DA:274,1
DA:276,1
DA:277,0
DA:278,0
DA:281,1
DA:285,0
LF:155
LH:128
BRDA:32,0,0,7
BRDA:32,0,1,80
BRDA:33,1,0,4
BRDA:33,1,1,3
BRDA:45,2,0,17
BRDA:45,2,1,3
BRDA:60,3,0,0
BRDA:60,3,1,9
BRDA:80,4,0,39
BRDA:80,4,1,39
BRDA:81,5,0,36
BRDA:81,5,1,0
BRDA:84,6,0,36
BRDA:84,6,1,0
BRDA:85,7,0,3
BRDA:85,7,1,33
BRDA:89,8,0,3
BRDA:89,8,1,33
BRDA:90,9,0,3
BRDA:90,9,1,0
BRDA:93,10,0,3
BRDA:93,10,1,0
BRDA:105,11,0,2
BRDA:105,11,1,0
BRDA:114,12,0,1
BRDA:114,12,1,1
BRDA:114,13,0,2
BRDA:114,13,1,1
BRDA:134,14,0,0
BRDA:134,14,1,1
BRDA:134,15,0,1
BRDA:134,15,1,0
BRDA:138,16,0,1
BRDA:138,16,1,0
BRDA:138,17,0,1
BRDA:138,17,1,1
BRDA:147,18,0,0
BRDA:147,18,1,0
BRDA:151,19,0,0
BRDA:151,19,1,0
BRDA:166,20,0,0
BRDA:166,20,1,4
BRDA:171,21,0,2
BRDA:171,21,1,4
BRDA:183,22,0,0
BRDA:183,22,1,0
BRDA:185,23,0,0
BRDA:185,23,1,0
BRDA:209,24,0,1
BRDA:209,24,1,2
BRDA:209,25,0,3
BRDA:209,25,1,1
BRDA:209,25,2,1
BRDA:246,26,0,0
BRDA:246,26,1,2
BRDA:258,27,0,0
BRDA:258,27,1,4
BRDA:272,28,0,1
BRDA:272,28,1,3
BRF:59
BRH:39
end_of_record
TN:
SF:src\logic\linkedlist.js
FN:3,(anonymous_0)
FN:10,createLink
FN:24,(anonymous_2)
FNF:3
FNH:3
FNDA:57,(anonymous_0)
FNDA:11,createLink
FNDA:2,(anonymous_2)
DA:4,57
DA:5,57
DA:12,11
DA:13,57
DA:14,11
DA:16,46
DA:17,46
DA:18,46
DA:21,11
DA:24,3
DA:26,2
DA:28,2
DA:29,11
DA:30,11
DA:33,2
LF:15
LH:15
BRDA:13,0,0,11
BRDA:13,0,1,46
BRF:2
BRH:2
end_of_record
